<?xml version="1.0" encoding="UTF-8"?>
<testsuite name="com.ehi.iam.security.JwtProviderTest" tests="4" skipped="0" failures="0" errors="0" timestamp="2026-06-13T03:06:54" hostname="AGA" time="0.632">
  <properties/>
  <testcase name="isTokenValid_returnsFalse_forMalformedToken()" classname="com.ehi.iam.security.JwtProviderTest" time="0.498"/>
  <testcase name="accessToken_containsUserIdAndRoleClaims()" classname="com.ehi.iam.security.JwtProviderTest" time="0.112"/>
  <testcase name="isTokenValid_returnsFalse_forTokenSignedWithWrongSecret()" classname="com.ehi.iam.security.JwtProviderTest" time="0.007"/>
  <testcase name="refreshToken_containsUserIdAndRoleClaims()" classname="com.ehi.iam.security.JwtProviderTest" time="0.01"/>
  <system-out><![CDATA[]]></system-out>
  <system-err><![CDATA[]]></system-err>
</testsuite>
