<?xml version="1.0" encoding="UTF-8"?>
<testsuite name="com.ehi.iam.service.impl.AuthServiceImplTest" tests="9" skipped="0" failures="0" errors="0" timestamp="2026-06-13T07:17:43" hostname="Nijats-MacBook-Pro.local" time="0.064">
  <properties/>
  <testcase name="login_throwsUnauthorized_whenUserSuspended()" classname="com.ehi.iam.service.impl.AuthServiceImplTest" time="0.054"/>
  <testcase name="login_throwsUnauthorized_whenPasswordWrong()" classname="com.ehi.iam.service.impl.AuthServiceImplTest" time="0.001"/>
  <testcase name="register_throwsDuplicateResourceException_whenEmailExists()" classname="com.ehi.iam.service.impl.AuthServiceImplTest" time="0.001"/>
  <testcase name="login_succeeds_forActiveUser()" classname="com.ehi.iam.service.impl.AuthServiceImplTest" time="0.001"/>
  <testcase name="register_hashesPassword_andDefaultsToCustomer()" classname="com.ehi.iam.service.impl.AuthServiceImplTest" time="0.003"/>
  <testcase name="refresh_throwsUnauthorized_whenTokenInvalid()" classname="com.ehi.iam.service.impl.AuthServiceImplTest" time="0.001"/>
  <testcase name="refresh_throwsNotFound_whenUserMissing()" classname="com.ehi.iam.service.impl.AuthServiceImplTest" time="0.001"/>
  <testcase name="register_publishesUserRegisteredEvent()" classname="com.ehi.iam.service.impl.AuthServiceImplTest" time="0.001"/>
  <testcase name="login_throwsUnauthorized_whenEmailNotFound()" classname="com.ehi.iam.service.impl.AuthServiceImplTest" time="0.001"/>
  <system-out><![CDATA[2026-06-13T11:17:43.821+04:00  WARN 92121 --- [e-health-insurance-iam] [    Test worker] c.ehi.iam.service.impl.AuthServiceImpl   : Login blocked: account suspended, userId=null
2026-06-13T11:17:43.823+04:00  WARN 92121 --- [e-health-insurance-iam] [    Test worker] c.ehi.iam.service.impl.AuthServiceImpl   : Failed login attempt for email=test@example.com
2026-06-13T11:17:43.826+04:00  INFO 92121 --- [e-health-insurance-iam] [    Test worker] c.ehi.iam.service.impl.AuthServiceImpl   : Registered new user userId=a7e58dd8-c020-4a9e-bc76-0e76834a537d, email=test@example.com
2026-06-13T11:17:43.829+04:00  WARN 92121 --- [e-health-insurance-iam] [    Test worker] c.ehi.iam.service.impl.AuthServiceImpl   : Refresh rejected: invalid token
2026-06-13T11:17:43.831+04:00  INFO 92121 --- [e-health-insurance-iam] [    Test worker] c.ehi.iam.service.impl.AuthServiceImpl   : Registered new user userId=11aa44c8-3e5b-42ef-8033-56f1d5b59e80, email=new@example.com
2026-06-13T11:17:43.832+04:00  WARN 92121 --- [e-health-insurance-iam] [    Test worker] c.ehi.iam.service.impl.AuthServiceImpl   : Failed login attempt for email=unknown@example.com
]]></system-out>
  <system-err><![CDATA[]]></system-err>
</testsuite>
