<?xml version="1.0" encoding="UTF-8"?>
<testsuite name="com.ehi.iam.controller.UserControllerTest" tests="9" skipped="0" failures="0" errors="0" timestamp="2026-06-12T16:06:28" hostname="Nijats-MacBook-Pro.local" time="0.054">
  <properties/>
  <testcase name="changeStatus_allowedForAdmin()" classname="com.ehi.iam.controller.UserControllerTest" time="0.028"/>
  <testcase name="changeRole_allowedForAdmin()" classname="com.ehi.iam.controller.UserControllerTest" time="0.005"/>
  <testcase name="changePassword_blocked_whenUnauthenticated()" classname="com.ehi.iam.controller.UserControllerTest" time="0.002"/>
  <testcase name="changeRole_forbiddenForCustomer()" classname="com.ehi.iam.controller.UserControllerTest" time="0.003"/>
  <testcase name="searchUsers_allowedForAdmin()" classname="com.ehi.iam.controller.UserControllerTest" time="0.004"/>
  <testcase name="searchUsers_allowedForAgent()" classname="com.ehi.iam.controller.UserControllerTest" time="0.001"/>
  <testcase name="searchUsers_forbiddenForCustomer()" classname="com.ehi.iam.controller.UserControllerTest" time="0.001"/>
  <testcase name="changePassword_allowedForAnyAuthenticatedUser()" classname="com.ehi.iam.controller.UserControllerTest" time="0.003"/>
  <testcase name="changeStatus_forbiddenForCustomer()" classname="com.ehi.iam.controller.UserControllerTest" time="0.001"/>
  <system-out><![CDATA[2026-06-12T20:06:28.571+04:00  INFO 98010 --- [e-health-insurance-iam] [    Test worker] .b.t.c.SpringBootTestContextBootstrapper : Found @SpringBootConfiguration com.ehi.iam.IamApplication for test class com.ehi.iam.controller.UserControllerTest

  .   ____          _            __ _ _
 /\\ / ___'_ __ _ _(_)_ __  __ _ \ \ \ \
( ( )\___ | '_ | '_| | '_ \/ _` | \ \ \ \
 \\/  ___)| |_)| | | | | || (_| |  ) ) ) )
  '  |____| .__|_| |_|_| |_\__, | / / / /
 =========|_|==============|___/=/_/_/_/
 :: Spring Boot ::                (v3.2.5)

2026-06-12T20:06:28.581+04:00  INFO 98010 --- [e-health-insurance-iam] [    Test worker] c.ehi.iam.controller.UserControllerTest  : Starting UserControllerTest using Java 17.0.19 with PID 98010 (started by nijatnasirli in /Users/nijatnasirli/Desktop/EH-V3/e-health-insurance-iam)
2026-06-12T20:06:28.581+04:00  INFO 98010 --- [e-health-insurance-iam] [    Test worker] c.ehi.iam.controller.UserControllerTest  : No active profile set, falling back to 1 default profile: "default"
2026-06-12T20:06:28.685+04:00  WARN 98010 --- [e-health-insurance-iam] [    Test worker] .s.s.UserDetailsServiceAutoConfiguration : 

Using generated security password: a8daf80f-cacd-473d-ab25-781982f9cad7

This generated password is for development use only. Your security configuration must be updated before running your application in production.

2026-06-12T20:06:28.714+04:00  INFO 98010 --- [e-health-insurance-iam] [    Test worker] o.s.s.web.DefaultSecurityFilterChain     : Will secure any request with [org.springframework.security.web.session.DisableEncodeUrlFilter@6c76a792, org.springframework.security.web.context.request.async.WebAsyncManagerIntegrationFilter@321325d7, org.springframework.security.web.context.SecurityContextHolderFilter@1e0630cc, org.springframework.security.web.header.HeaderWriterFilter@47fc346e, org.springframework.web.filter.CorsFilter@26501a93, org.springframework.security.web.authentication.logout.LogoutFilter@491665ab, org.springframework.security.web.savedrequest.RequestCacheAwareFilter@29ad358c, org.springframework.security.web.servletapi.SecurityContextHolderAwareRequestFilter@fd42b93, org.springframework.security.web.authentication.AnonymousAuthenticationFilter@452bcee, org.springframework.security.web.session.SessionManagementFilter@abc771e, org.springframework.security.web.access.ExceptionTranslationFilter@75c85a8a, org.springframework.security.web.access.intercept.AuthorizationFilter@b753aa5]
2026-06-12T20:06:28.750+04:00  INFO 98010 --- [e-health-insurance-iam] [    Test worker] o.s.b.t.m.w.SpringBootMockServletContext : Initializing Spring TestDispatcherServlet ''
2026-06-12T20:06:28.751+04:00  INFO 98010 --- [e-health-insurance-iam] [    Test worker] o.s.t.web.servlet.TestDispatcherServlet  : Initializing Servlet ''
2026-06-12T20:06:28.751+04:00  INFO 98010 --- [e-health-insurance-iam] [    Test worker] o.s.t.web.servlet.TestDispatcherServlet  : Completed initialization in 0 ms
2026-06-12T20:06:28.755+04:00  INFO 98010 --- [e-health-insurance-iam] [    Test worker] c.ehi.iam.controller.UserControllerTest  : Started UserControllerTest in 0.182 seconds (process running for 3.018)
]]></system-out>
  <system-err><![CDATA[]]></system-err>
</testsuite>
