<?xml version="1.0" encoding="UTF-8"?>
<testsuite name="com.ehi.iam.service.impl.UserServiceImplTest" tests="6" skipped="0" failures="0" errors="0" timestamp="2026-06-13T15:30:37" hostname="Mac" time="0.024">
  <properties/>
  <testcase name="getCurrentUser_throwsNotFound_whenEmailMissing()" classname="com.ehi.iam.service.impl.UserServiceImplTest" time="0.016"/>
  <testcase name="changeRole_throwsNotFound_whenUserMissing()" classname="com.ehi.iam.service.impl.UserServiceImplTest" time="0.001"/>
  <testcase name="changePassword_throwsBadRequest_whenCurrentPasswordWrong()" classname="com.ehi.iam.service.impl.UserServiceImplTest" time="0.001"/>
  <testcase name="changeStatus_throwsNotFound_whenUserMissing()" classname="com.ehi.iam.service.impl.UserServiceImplTest" time="0.001"/>
  <testcase name="searchUsers_returnsPagedResponse()" classname="com.ehi.iam.service.impl.UserServiceImplTest" time="0.004"/>
  <testcase name="changePassword_encodesNewPassword()" classname="com.ehi.iam.service.impl.UserServiceImplTest" time="0.001"/>
  <system-out><![CDATA[2026-06-13T19:30:37.152+04:00  WARN 40817 --- [e-health-insurance-iam] [    Test worker] c.ehi.iam.service.impl.UserServiceImpl   : Password change rejected (wrong current) for email=test@example.com
2026-06-13T19:30:37.158+04:00  INFO 40817 --- [e-health-insurance-iam] [    Test worker] c.ehi.iam.service.impl.UserServiceImpl   : Password changed for userId=0c0cf6d9-5577-49f0-908a-09af7faf7aa0
]]></system-out>
  <system-err><![CDATA[]]></system-err>
</testsuite>
