<?xml version="1.0" encoding="UTF-8"?>
<testsuite name="com.ehi.claim.service.impl.ClaimServiceImplTest" tests="14" skipped="0" failures="0" errors="0" timestamp="2026-06-13T07:18:20" hostname="Nijats-MacBook-Pro.local" time="0.211">
  <properties/>
  <testcase name="applyFraudResult_midScore_setsUnderReview_andPublishesNoDecisionEvent()" classname="com.ehi.claim.service.impl.ClaimServiceImplTest" time="0.168"/>
  <testcase name="applyFraudResult_highScore_autoRejects_andPublishesEvent()" classname="com.ehi.claim.service.impl.ClaimServiceImplTest" time="0.001"/>
  <testcase name="reviewClaim_throwsBadRequest_whenApprovedAmountNotPositive()" classname="com.ehi.claim.service.impl.ClaimServiceImplTest" time="0.002"/>
  <testcase name="reviewClaim_throwsBadRequest_whenRejectionReasonMissing()" classname="com.ehi.claim.service.impl.ClaimServiceImplTest" time="0.001"/>
  <testcase name="uploadEvidence_throwsNotFound_whenNonOwnerNonPrivileged()" classname="com.ehi.claim.service.impl.ClaimServiceImplTest" time="0.025"/>
  <testcase name="applyFraudResult_lowScore_autoApproves_withFullAmount_andPublishesEvent()" classname="com.ehi.claim.service.impl.ClaimServiceImplTest" time="0.001"/>
  <testcase name="submitClaim_setsSubmittedStatus_generatesClmNumber_andPublishesEvent()" classname="com.ehi.claim.service.impl.ClaimServiceImplTest" time="0.001"/>
  <testcase name="reviewClaim_throwsBadRequest_whenApprovedAmountMissing()" classname="com.ehi.claim.service.impl.ClaimServiceImplTest" time="0.0"/>
  <testcase name="applyFraudResult_skipsNonSubmittedClaim_noOverwrite()" classname="com.ehi.claim.service.impl.ClaimServiceImplTest" time="0.0"/>
  <testcase name="reviewClaim_throwsBadRequest_whenStatusNotReviewable()" classname="com.ehi.claim.service.impl.ClaimServiceImplTest" time="0.001"/>
  <testcase name="reviewClaim_approves_setsFields_andPublishesDecisionEvent()" classname="com.ehi.claim.service.impl.ClaimServiceImplTest" time="0.001"/>
  <testcase name="getClaimById_allowsPrivilegedRequester_regardlessOfOwner()" classname="com.ehi.claim.service.impl.ClaimServiceImplTest" time="0.0"/>
  <testcase name="getClaimById_throwsNotFound_whenNonOwnerNonPrivileged()" classname="com.ehi.claim.service.impl.ClaimServiceImplTest" time="0.001"/>
  <testcase name="reviewClaim_throwsBadRequest_whenApprovedAmountExceedsClaimAmount()" classname="com.ehi.claim.service.impl.ClaimServiceImplTest" time="0.001"/>
  <system-out><![CDATA[2026-06-13T11:18:20.275+04:00  INFO 92284 --- [e-health-insurance-claim] [    Test worker] c.e.claim.service.impl.ClaimServiceImpl  : Claim submitted: claimId=null, userId=85516107-56e5-49dd-84ea-d8748a44361b, type=HOSPITALIZATION, amount=500
2026-06-13T11:18:20.280+04:00  WARN 92284 --- [e-health-insurance-claim] [    Test worker] c.e.claim.service.impl.ClaimServiceImpl  : Review rejected: claimId=3cfd46cf-5640-4405-b2ac-e52ad13b7f18 not in SUBMITTED/UNDER_REVIEW (status=APPROVED)
2026-06-13T11:18:20.281+04:00  INFO 92284 --- [e-health-insurance-claim] [    Test worker] c.e.claim.service.impl.ClaimServiceImpl  : Claim reviewed: claimId=7943240c-e45d-49cd-931e-42d3b6c30df1, decision=APPROVED, reviewedBy=6d3f01af-4de0-4d31-aae0-08155b5c4895
]]></system-out>
  <system-err><![CDATA[]]></system-err>
</testsuite>
