<?xml version="1.0" encoding="UTF-8"?>
<testsuite name="com.ehi.claim.controller.ClaimControllerTest" tests="9" skipped="0" failures="0" errors="0" timestamp="2026-06-12T16:32:25" hostname="Nijats-MacBook-Pro.local" time="0.117">
  <properties/>
  <testcase name="getClaimById_allowedForAnyAuthenticatedUser()" classname="com.ehi.claim.controller.ClaimControllerTest" time="0.046"/>
  <testcase name="getAllClaims_allowedForAgent()" classname="com.ehi.claim.controller.ClaimControllerTest" time="0.018"/>
  <testcase name="submitClaim_forbiddenForAgent()" classname="com.ehi.claim.controller.ClaimControllerTest" time="0.03"/>
  <testcase name="reviewClaim_forbiddenForCustomer()" classname="com.ehi.claim.controller.ClaimControllerTest" time="0.005"/>
  <testcase name="reviewClaim_allowedForAgent()" classname="com.ehi.claim.controller.ClaimControllerTest" time="0.003"/>
  <testcase name="getAllClaims_forbiddenForCustomer()" classname="com.ehi.claim.controller.ClaimControllerTest" time="0.002"/>
  <testcase name="getClaimById_blocked_whenUnauthenticated()" classname="com.ehi.claim.controller.ClaimControllerTest" time="0.002"/>
  <testcase name="getMyClaims_allowedForCustomer()" classname="com.ehi.claim.controller.ClaimControllerTest" time="0.003"/>
  <testcase name="submitClaim_allowedForCustomer()" classname="com.ehi.claim.controller.ClaimControllerTest" time="0.003"/>
  <system-out><![CDATA[2026-06-12T20:32:24.663+04:00  INFO 2029 --- [e-health-insurance-claim] [    Test worker] .b.t.c.SpringBootTestContextBootstrapper : Found @SpringBootConfiguration com.ehi.claim.ClaimApplication for test class com.ehi.claim.controller.ClaimControllerTest

  .   ____          _            __ _ _
 /\\ / ___'_ __ _ _(_)_ __  __ _ \ \ \ \
( ( )\___ | '_ | '_| | '_ \/ _` | \ \ \ \
 \\/  ___)| |_)| | | | | || (_| |  ) ) ) )
  '  |____| .__|_| |_|_| |_\__, | / / / /
 =========|_|==============|___/=/_/_/_/
 :: Spring Boot ::                (v3.2.5)

2026-06-12T20:32:24.681+04:00  INFO 2029 --- [e-health-insurance-claim] [    Test worker] c.e.c.controller.ClaimControllerTest     : Starting ClaimControllerTest using Java 17.0.19 with PID 2029 (started by nijatnasirli in /Users/nijatnasirli/Desktop/EH-V3/e-health-insurance-claim)
2026-06-12T20:32:24.681+04:00  INFO 2029 --- [e-health-insurance-claim] [    Test worker] c.e.c.controller.ClaimControllerTest     : No active profile set, falling back to 1 default profile: "default"
2026-06-12T20:32:24.922+04:00  WARN 2029 --- [e-health-insurance-claim] [    Test worker] .s.s.UserDetailsServiceAutoConfiguration : 

Using generated security password: 7ba3ca0b-dd62-4dff-b096-8265c715a27d

This generated password is for development use only. Your security configuration must be updated before running your application in production.

2026-06-12T20:32:25.034+04:00  INFO 2029 --- [e-health-insurance-claim] [    Test worker] o.s.s.web.DefaultSecurityFilterChain     : Will secure any request with [org.springframework.security.web.session.DisableEncodeUrlFilter@59b7cbec, org.springframework.security.web.context.request.async.WebAsyncManagerIntegrationFilter@f9402c2, org.springframework.security.web.context.SecurityContextHolderFilter@410185ec, org.springframework.security.web.header.HeaderWriterFilter@62c41ad, org.springframework.web.filter.CorsFilter@9dc9212, org.springframework.security.web.authentication.logout.LogoutFilter@4947b8a7, org.springframework.security.web.savedrequest.RequestCacheAwareFilter@6f3b4c9a, org.springframework.security.web.servletapi.SecurityContextHolderAwareRequestFilter@bfe49f9, org.springframework.security.web.authentication.AnonymousAuthenticationFilter@5b9815b6, org.springframework.security.web.session.SessionManagementFilter@3027fe42, org.springframework.security.web.access.ExceptionTranslationFilter@6878cd83, org.springframework.security.web.access.intercept.AuthorizationFilter@4552f89f]
2026-06-12T20:32:25.141+04:00  INFO 2029 --- [e-health-insurance-claim] [    Test worker] o.s.b.t.m.w.SpringBootMockServletContext : Initializing Spring TestDispatcherServlet ''
2026-06-12T20:32:25.141+04:00  INFO 2029 --- [e-health-insurance-claim] [    Test worker] o.s.t.web.servlet.TestDispatcherServlet  : Initializing Servlet ''
2026-06-12T20:32:25.142+04:00  INFO 2029 --- [e-health-insurance-claim] [    Test worker] o.s.t.web.servlet.TestDispatcherServlet  : Completed initialization in 1 ms
2026-06-12T20:32:25.152+04:00  INFO 2029 --- [e-health-insurance-claim] [    Test worker] c.e.c.controller.ClaimControllerTest     : Started ClaimControllerTest in 0.483 seconds (process running for 6.052)
]]></system-out>
  <system-err><![CDATA[]]></system-err>
</testsuite>
