<?xml version="1.0" encoding="UTF-8"?>
<testsuite name="com.ehi.policy.service.impl.PlanServiceImplTest" tests="4" skipped="0" failures="0" errors="0" timestamp="2026-06-12T18:50:44" hostname="Nijats-MacBook-Pro.local" time="0.073">
  <properties/>
  <testcase name="getActivePlans_returnsOnlyActivePlans()" classname="com.ehi.policy.service.impl.PlanServiceImplTest" time="0.064"/>
  <testcase name="getPlanById_throwsNotFound_whenMissing()" classname="com.ehi.policy.service.impl.PlanServiceImplTest" time="0.001"/>
  <testcase name="createPlan_throwsDuplicateResource_whenNameExists()" classname="com.ehi.policy.service.impl.PlanServiceImplTest" time="0.003"/>
  <testcase name="createPlan_savesActivePlan_whenNameIsNew()" classname="com.ehi.policy.service.impl.PlanServiceImplTest" time="0.003"/>
  <system-out><![CDATA[2026-06-12T22:50:44.632+04:00  INFO 20954 --- [e-health-insurance-policy] [    Test worker] c.e.policy.service.impl.PlanServiceImpl  : Plan created: planId=null, name=Basic
]]></system-out>
  <system-err><![CDATA[]]></system-err>
</testsuite>
