<?xml version="1.0" encoding="UTF-8"?>
<testsuite name="com.ehi.notification.kafka.ClaimDecisionEventConsumerTest" tests="3" skipped="0" failures="0" errors="0" timestamp="2026-06-13T04:04:07" hostname="AGA" time="0.391">
  <properties/>
  <testcase name="consume_sendsNothing_whenDecisionIsUnderReview()" classname="com.ehi.notification.kafka.ClaimDecisionEventConsumerTest" time="0.348"/>
  <testcase name="consume_sendsClaimApprovedNotification_viaSms_whenApproved()" classname="com.ehi.notification.kafka.ClaimDecisionEventConsumerTest" time="0.029"/>
  <testcase name="consume_sendsClaimRejectedNotification_viaSms_whenRejected()" classname="com.ehi.notification.kafka.ClaimDecisionEventConsumerTest" time="0.009"/>
  <system-out><![CDATA[2026-06-13T08:04:07.436+04:00  INFO 18236 --- [e-health-insurance-notification] [    Test worker] c.e.n.kafka.ClaimDecisionEventConsumer   : Received ClaimDecisionEvent for claimId=3fd32806-7b16-4d69-a8ba-fa50d1b59658, userId=078ed53f-0fc2-4bc2-84b8-6dc9eb44c35e, decision=UNDER_REVIEW
2026-06-13T08:04:07.470+04:00  INFO 18236 --- [e-health-insurance-notification] [    Test worker] c.e.n.kafka.ClaimDecisionEventConsumer   : Received ClaimDecisionEvent for claimId=05a5affa-0dd1-444d-bbfc-73a7f989cded, userId=a6fa1e2f-15d8-40d7-904d-d64b6d932b71, decision=APPROVED
2026-06-13T08:04:07.496+04:00  INFO 18236 --- [e-health-insurance-notification] [    Test worker] c.e.n.kafka.ClaimDecisionEventConsumer   : Received ClaimDecisionEvent for claimId=dce3d37c-f406-409d-afb2-c7ef72f3ec5c, userId=879fb291-3b3b-4b0b-b19f-3dd3b7dbfb83, decision=REJECTED
]]></system-out>
  <system-err><![CDATA[]]></system-err>
</testsuite>
