<?xml version="1.0" encoding="UTF-8"?>
<testsuite name="com.ehi.notification.kafka.FraudDetectedEventConsumerTest" tests="3" skipped="0" failures="0" errors="0" timestamp="2026-06-13T07:32:09" hostname="Nijats-MacBook-Pro.local" time="0.002">
  <properties/>
  <testcase name="consume_sendsNothing_whenRiskScoreIsNull()" classname="com.ehi.notification.kafka.FraudDetectedEventConsumerTest" time="0.001"/>
  <testcase name="consume_sendsNothing_whenRiskScoreBelowThreshold()" classname="com.ehi.notification.kafka.FraudDetectedEventConsumerTest" time="0.0"/>
  <testcase name="consume_sendsFraudAlertNotification_whenRiskScoreAtThreshold()" classname="com.ehi.notification.kafka.FraudDetectedEventConsumerTest" time="0.001"/>
  <system-out><![CDATA[2026-06-13T11:32:09.932+04:00  INFO 94261 --- [e-health-insurance-notification] [    Test worker] c.e.n.kafka.FraudDetectedEventConsumer   : Received FraudDetectedEvent for claimId=95f0fe42-f318-406e-8f45-1a34b6e0ae9e, userId=2c86bb08-bb50-42a9-95cf-4e5829c3bc03, riskScore=70
]]></system-out>
  <system-err><![CDATA[]]></system-err>
</testsuite>
