<?xml version="1.0" encoding="UTF-8"?>
<testsuite name="com.ehi.notification.kafka.FraudDetectedEventConsumerTest" tests="3" skipped="0" failures="0" errors="0" timestamp="2026-06-12T17:15:53" hostname="Nijats-MacBook-Pro.local" time="0.002">
  <properties/>
  <testcase name="consume_sendsNothing_whenRiskScoreIsNull()" classname="com.ehi.notification.kafka.FraudDetectedEventConsumerTest" time="0.0"/>
  <testcase name="consume_sendsNothing_whenRiskScoreBelowThreshold()" classname="com.ehi.notification.kafka.FraudDetectedEventConsumerTest" time="0.001"/>
  <testcase name="consume_sendsFraudAlertNotification_whenRiskScoreAtThreshold()" classname="com.ehi.notification.kafka.FraudDetectedEventConsumerTest" time="0.001"/>
  <system-out><![CDATA[2026-06-12T21:15:53.938+04:00  INFO 8268 --- [e-health-insurance-notification] [    Test worker] c.e.n.kafka.FraudDetectedEventConsumer   : Received FraudDetectedEvent for claimId=afca7a64-b8c4-4acc-8aa5-370fdc89ff5c, userId=50163579-1375-4f59-b91c-4f11f68c98a1, riskScore=70
]]></system-out>
  <system-err><![CDATA[]]></system-err>
</testsuite>
