<?xml version="1.0" encoding="UTF-8"?>
<testsuite name="com.ehi.notification.controller.NotificationControllerTest" tests="5" skipped="0" failures="0" errors="0" timestamp="2026-06-13T04:04:06" hostname="AGA" time="0.891">
  <properties/>
  <testcase name="getMyNotifications_allowedForCustomer()" classname="com.ehi.notification.controller.NotificationControllerTest" time="0.671"/>
  <testcase name="getMyNotifications_blocked_whenUnauthenticated()" classname="com.ehi.notification.controller.NotificationControllerTest" time="0.023"/>
  <testcase name="getAllNotifications_forbiddenForCustomer()" classname="com.ehi.notification.controller.NotificationControllerTest" time="0.128"/>
  <testcase name="getAllNotifications_allowedForAdmin()" classname="com.ehi.notification.controller.NotificationControllerTest" time="0.031"/>
  <testcase name="getMyNotifications_forbiddenForAdmin()" classname="com.ehi.notification.controller.NotificationControllerTest" time="0.016"/>
  <system-out><![CDATA[08:03:54.944 [Test worker] INFO org.springframework.boot.test.context.SpringBootTestContextBootstrapper -- Found @SpringBootConfiguration com.ehi.notification.NotificationApplication for test class com.ehi.notification.controller.NotificationControllerTest

  .   ____          _            __ _ _
 /\\ / ___'_ __ _ _(_)_ __  __ _ \ \ \ \
( ( )\___ | '_ | '_| | '_ \/ _` | \ \ \ \
 \\/  ___)| |_)| | | | | || (_| |  ) ) ) )
  '  |____| .__|_| |_|_| |_\__, | / / / /
 =========|_|==============|___/=/_/_/_/
 :: Spring Boot ::                (v3.2.5)

2026-06-13T08:03:56.569+04:00  INFO 18236 --- [e-health-insurance-notification] [    Test worker] c.e.n.c.NotificationControllerTest       : Starting NotificationControllerTest using Java 17.0.19 with PID 18236 (started by Aga in D:\ehfinal\e-health-insurance-notification)
2026-06-13T08:03:56.573+04:00  INFO 18236 --- [e-health-insurance-notification] [    Test worker] c.e.n.c.NotificationControllerTest       : No active profile set, falling back to 1 default profile: "default"
2026-06-13T08:04:03.679+04:00  WARN 18236 --- [e-health-insurance-notification] [    Test worker] .s.s.UserDetailsServiceAutoConfiguration : 

Using generated security password: 30ce3b8f-f879-44f5-bff3-37d5f7eab411

This generated password is for development use only. Your security configuration must be updated before running your application in production.

2026-06-13T08:04:05.193+04:00  INFO 18236 --- [e-health-insurance-notification] [    Test worker] o.s.s.web.DefaultSecurityFilterChain     : Will secure any request with [org.springframework.security.web.session.DisableEncodeUrlFilter@185339ed, org.springframework.security.web.context.request.async.WebAsyncManagerIntegrationFilter@2e4d4d22, org.springframework.security.web.context.SecurityContextHolderFilter@6b091a92, org.springframework.security.web.header.HeaderWriterFilter@77d0dbba, org.springframework.web.filter.CorsFilter@4470106b, org.springframework.security.web.authentication.logout.LogoutFilter@3451fc88, org.springframework.security.web.savedrequest.RequestCacheAwareFilter@1de08775, org.springframework.security.web.servletapi.SecurityContextHolderAwareRequestFilter@2dbf2da, org.springframework.security.web.authentication.AnonymousAuthenticationFilter@690ed13a, org.springframework.security.web.session.SessionManagementFilter@2e159116, org.springframework.security.web.access.ExceptionTranslationFilter@1ad1b737, org.springframework.security.web.access.intercept.AuthorizationFilter@12548f9a]
2026-06-13T08:04:06.008+04:00  INFO 18236 --- [e-health-insurance-notification] [    Test worker] o.s.b.t.m.w.SpringBootMockServletContext : Initializing Spring TestDispatcherServlet ''
2026-06-13T08:04:06.009+04:00  INFO 18236 --- [e-health-insurance-notification] [    Test worker] o.s.t.web.servlet.TestDispatcherServlet  : Initializing Servlet ''
2026-06-13T08:04:06.013+04:00  INFO 18236 --- [e-health-insurance-notification] [    Test worker] o.s.t.web.servlet.TestDispatcherServlet  : Completed initialization in 4 ms
2026-06-13T08:04:06.135+04:00  INFO 18236 --- [e-health-insurance-notification] [    Test worker] c.e.n.c.NotificationControllerTest       : Started NotificationControllerTest in 10.905 seconds (process running for 15.864)
]]></system-out>
  <system-err><![CDATA[]]></system-err>
</testsuite>
