<?xml version="1.0" encoding="UTF-8"?>
<testsuite name="com.ehi.notification.scheduler.RetrySchedulerTest" tests="3" skipped="0" failures="0" errors="0" timestamp="2026-06-13T04:04:07" hostname="AGA" time="0.39">
  <properties/>
  <testcase name="retryFailedNotifications_marksFailed_andIncrementsRetryCount_whenSenderFails()" classname="com.ehi.notification.scheduler.RetrySchedulerTest" time="0.377"/>
  <testcase name="retryFailedNotifications_onlyQueriesFailedWithRetryCountBelowMax()" classname="com.ehi.notification.scheduler.RetrySchedulerTest" time="0.004"/>
  <testcase name="retryFailedNotifications_marksSent_andIncrementsRetryCount_whenSenderSucceeds()" classname="com.ehi.notification.scheduler.RetrySchedulerTest" time="0.006"/>
  <system-out><![CDATA[2026-06-13T08:04:07.880+04:00  INFO 18236 --- [e-health-insurance-notification] [    Test worker] c.e.n.scheduler.RetryScheduler           : Retried notification 66b08d4a-38ba-43b2-a8a1-2b8176775fa7 (attempt 1), result: FAILED
2026-06-13T08:04:08.071+04:00  INFO 18236 --- [e-health-insurance-notification] [    Test worker] c.e.n.scheduler.RetryScheduler           : Retried notification f9f71604-44bf-4517-8100-c4264309df8c (attempt 2), result: SENT
]]></system-out>
  <system-err><![CDATA[]]></system-err>
</testsuite>
