<?xml version="1.0" encoding="UTF-8"?>
<testsuite name="com.ehi.notification.kafka.PaymentCompletedEventConsumerTest" tests="2" skipped="0" failures="0" errors="0" timestamp="2026-06-13T07:32:09" hostname="Nijats-MacBook-Pro.local" time="0.001">
  <properties/>
  <testcase name="consume_sendsPolicyActivatedNotification_forPolicyPremium()" classname="com.ehi.notification.kafka.PaymentCompletedEventConsumerTest" time="0.0"/>
  <testcase name="consume_sendsPaymentSuccessNotification_forClaimPayout()" classname="com.ehi.notification.kafka.PaymentCompletedEventConsumerTest" time="0.001"/>
  <system-out><![CDATA[2026-06-13T11:32:09.934+04:00  INFO 94261 --- [e-health-insurance-notification] [    Test worker] c.e.n.k.PaymentCompletedEventConsumer    : Received PaymentCompletedEvent for paymentId=01c94933-8c22-4faf-a2c4-741b9f1c4eb0, userId=cabd7971-b050-4ac0-8834-3033b0d27f8b
2026-06-13T11:32:09.934+04:00  INFO 94261 --- [e-health-insurance-notification] [    Test worker] c.e.n.k.PaymentCompletedEventConsumer    : Received PaymentCompletedEvent for paymentId=5b757b52-b7e9-4492-bb88-a0ccd62c9635, userId=b1cf7d73-3a0f-4908-b28f-ff602791f1b7
]]></system-out>
  <system-err><![CDATA[]]></system-err>
</testsuite>
