<?xml version="1.0" encoding="UTF-8"?>
<testsuite name="com.ehi.notification.controller.NotificationControllerTest" tests="5" skipped="0" failures="0" errors="0" timestamp="2026-06-13T07:19:24" hostname="Nijats-MacBook-Pro.local" time="0.07">
  <properties/>
  <testcase name="getMyNotifications_allowedForCustomer()" classname="com.ehi.notification.controller.NotificationControllerTest" time="0.054"/>
  <testcase name="getMyNotifications_blocked_whenUnauthenticated()" classname="com.ehi.notification.controller.NotificationControllerTest" time="0.002"/>
  <testcase name="getAllNotifications_forbiddenForCustomer()" classname="com.ehi.notification.controller.NotificationControllerTest" time="0.005"/>
  <testcase name="getAllNotifications_allowedForAdmin()" classname="com.ehi.notification.controller.NotificationControllerTest" time="0.003"/>
  <testcase name="getMyNotifications_forbiddenForAdmin()" classname="com.ehi.notification.controller.NotificationControllerTest" time="0.002"/>
  <system-out><![CDATA[2026-06-13T11:19:24.428+04:00  INFO 92524 --- [e-health-insurance-notification] [    Test worker] .b.t.c.SpringBootTestContextBootstrapper : Found @SpringBootConfiguration com.ehi.notification.NotificationApplication for test class com.ehi.notification.controller.NotificationControllerTest

  .   ____          _            __ _ _
 /\\ / ___'_ __ _ _(_)_ __  __ _ \ \ \ \
( ( )\___ | '_ | '_| | '_ \/ _` | \ \ \ \
 \\/  ___)| |_)| | | | | || (_| |  ) ) ) )
  '  |____| .__|_| |_|_| |_\__, | / / / /
 =========|_|==============|___/=/_/_/_/

 :: Spring Boot ::                (v3.3.5)

2026-06-13T11:19:24.444+04:00  INFO 92524 --- [e-health-insurance-notification] [    Test worker] c.e.n.c.NotificationControllerTest       : Starting NotificationControllerTest using Java 21.0.11 with PID 92524 (started by nijatnasirli in /Users/nijatnasirli/Desktop/EH-V2/e-health-insurance-notification)
2026-06-13T11:19:24.444+04:00  INFO 92524 --- [e-health-insurance-notification] [    Test worker] c.e.n.c.NotificationControllerTest       : No active profile set, falling back to 1 default profile: "default"
2026-06-13T11:19:24.682+04:00  WARN 92524 --- [e-health-insurance-notification] [    Test worker] .s.s.UserDetailsServiceAutoConfiguration : 

Using generated security password: d4f975c9-c326-4c63-af73-3b983d376d51

This generated password is for development use only. Your security configuration must be updated before running your application in production.

2026-06-13T11:19:24.683+04:00  INFO 92524 --- [e-health-insurance-notification] [    Test worker] r$InitializeUserDetailsManagerConfigurer : Global AuthenticationManager configured with UserDetailsService bean with name inMemoryUserDetailsManager
2026-06-13T11:19:24.921+04:00  INFO 92524 --- [e-health-insurance-notification] [    Test worker] o.s.b.t.m.w.SpringBootMockServletContext : Initializing Spring TestDispatcherServlet ''
2026-06-13T11:19:24.921+04:00  INFO 92524 --- [e-health-insurance-notification] [    Test worker] o.s.t.web.servlet.TestDispatcherServlet  : Initializing Servlet ''
2026-06-13T11:19:24.921+04:00  INFO 92524 --- [e-health-insurance-notification] [    Test worker] o.s.t.web.servlet.TestDispatcherServlet  : Completed initialization in 0 ms
2026-06-13T11:19:24.933+04:00  INFO 92524 --- [e-health-insurance-notification] [    Test worker] c.e.n.c.NotificationControllerTest       : Started NotificationControllerTest in 0.5 seconds (process running for 6.955)
]]></system-out>
  <system-err><![CDATA[]]></system-err>
</testsuite>
