<?xml version="1.0" encoding="UTF-8"?>
<testsuite name="com.ehi.notification.kafka.UserRegisteredEventConsumerTest" tests="1" skipped="0" failures="0" errors="0" timestamp="2026-06-12T17:15:53" hostname="Nijats-MacBook-Pro.local" time="0.001">
  <properties/>
  <testcase name="consume_sendsWelcomeNotification_toUserEmail()" classname="com.ehi.notification.kafka.UserRegisteredEventConsumerTest" time="0.001"/>
  <system-out><![CDATA[2026-06-12T21:15:53.943+04:00  INFO 8268 --- [e-health-insurance-notification] [    Test worker] c.e.n.kafka.UserRegisteredEventConsumer  : Received UserRegisteredEvent for userId=cea14b62-ec1c-4fe0-8a86-0fa55bc9f3b7
]]></system-out>
  <system-err><![CDATA[]]></system-err>
</testsuite>
