<?xml version="1.0" encoding="UTF-8"?>
<testsuite name="com.ehi.payment.controller.PaymentControllerTest" tests="8" skipped="0" failures="0" errors="0" timestamp="2026-06-12T18:52:23" hostname="Nijats-MacBook-Pro.local" time="0.131">
  <properties/>
  <testcase name="getPaymentById_allowedForAnyAuthenticatedUser()" classname="com.ehi.payment.controller.PaymentControllerTest" time="0.062"/>
  <testcase name="processPayment_forbiddenForCustomer()" classname="com.ehi.payment.controller.PaymentControllerTest" time="0.045"/>
  <testcase name="getMyPayments_forbiddenForAdmin()" classname="com.ehi.payment.controller.PaymentControllerTest" time="0.003"/>
  <testcase name="getMyPayments_allowedForCustomer()" classname="com.ehi.payment.controller.PaymentControllerTest" time="0.003"/>
  <testcase name="getPaymentById_blocked_whenUnauthenticated()" classname="com.ehi.payment.controller.PaymentControllerTest" time="0.002"/>
  <testcase name="processPayment_allowedForAdmin()" classname="com.ehi.payment.controller.PaymentControllerTest" time="0.003"/>
  <testcase name="getAllPayments_allowedForAdmin()" classname="com.ehi.payment.controller.PaymentControllerTest" time="0.004"/>
  <testcase name="getAllPayments_forbiddenForCustomer()" classname="com.ehi.payment.controller.PaymentControllerTest" time="0.002"/>
  <system-out><![CDATA[2026-06-12T22:52:23.318+04:00  INFO 21276 --- [e-health-insurance-payment] [    Test worker] .b.t.c.SpringBootTestContextBootstrapper : Found @SpringBootConfiguration com.ehi.payment.PaymentApplication for test class com.ehi.payment.controller.PaymentControllerTest

  .   ____          _            __ _ _
 /\\ / ___'_ __ _ _(_)_ __  __ _ \ \ \ \
( ( )\___ | '_ | '_| | '_ \/ _` | \ \ \ \
 \\/  ___)| |_)| | | | | || (_| |  ) ) ) )
  '  |____| .__|_| |_|_| |_\__, | / / / /
 =========|_|==============|___/=/_/_/_/
 :: Spring Boot ::                (v3.2.5)

2026-06-12T22:52:23.332+04:00  INFO 21276 --- [e-health-insurance-payment] [    Test worker] c.e.p.controller.PaymentControllerTest   : Starting PaymentControllerTest using Java 17.0.19 with PID 21276 (started by nijatnasirli in /Users/nijatnasirli/Desktop/EH-V3/e-health-insurance-payment)
2026-06-12T22:52:23.333+04:00  INFO 21276 --- [e-health-insurance-payment] [    Test worker] c.e.p.controller.PaymentControllerTest   : No active profile set, falling back to 1 default profile: "default"
2026-06-12T22:52:23.579+04:00  WARN 21276 --- [e-health-insurance-payment] [    Test worker] .s.s.UserDetailsServiceAutoConfiguration : 

Using generated security password: e1085e73-9b54-475d-89d5-590452a74d4c

This generated password is for development use only. Your security configuration must be updated before running your application in production.

2026-06-12T22:52:23.743+04:00  INFO 21276 --- [e-health-insurance-payment] [    Test worker] o.s.s.web.DefaultSecurityFilterChain     : Will secure any request with [org.springframework.security.web.session.DisableEncodeUrlFilter@64cde9a5, org.springframework.security.web.context.request.async.WebAsyncManagerIntegrationFilter@5efb3259, org.springframework.security.web.context.SecurityContextHolderFilter@6aca85da, org.springframework.security.web.header.HeaderWriterFilter@4529b266, org.springframework.web.filter.CorsFilter@327dcf8c, org.springframework.security.web.authentication.logout.LogoutFilter@7b3d759f, org.springframework.security.web.savedrequest.RequestCacheAwareFilter@15200332, org.springframework.security.web.servletapi.SecurityContextHolderAwareRequestFilter@1d123972, org.springframework.security.web.authentication.AnonymousAuthenticationFilter@69c7b870, org.springframework.security.web.session.SessionManagementFilter@5b3063b7, org.springframework.security.web.access.ExceptionTranslationFilter@5ca4763f, org.springframework.security.web.access.intercept.AuthorizationFilter@7fa498b3]
2026-06-12T22:52:23.882+04:00  INFO 21276 --- [e-health-insurance-payment] [    Test worker] o.s.b.t.m.w.SpringBootMockServletContext : Initializing Spring TestDispatcherServlet ''
2026-06-12T22:52:23.882+04:00  INFO 21276 --- [e-health-insurance-payment] [    Test worker] o.s.t.web.servlet.TestDispatcherServlet  : Initializing Servlet ''
2026-06-12T22:52:23.883+04:00  INFO 21276 --- [e-health-insurance-payment] [    Test worker] o.s.t.web.servlet.TestDispatcherServlet  : Completed initialization in 1 ms
2026-06-12T22:52:23.897+04:00  INFO 21276 --- [e-health-insurance-payment] [    Test worker] c.e.p.controller.PaymentControllerTest   : Started PaymentControllerTest in 0.574 seconds (process running for 10.562)
]]></system-out>
  <system-err><![CDATA[]]></system-err>
</testsuite>
