<?xml version="1.0" encoding="UTF-8"?>
<testsuite name="com.ehi.payment.controller.PaymentControllerTest" tests="8" skipped="0" failures="0" errors="0" timestamp="2026-06-13T14:14:37" hostname="Mac" time="0.106">
  <properties/>
  <testcase name="getPaymentById_allowedForAnyAuthenticatedUser()" classname="com.ehi.payment.controller.PaymentControllerTest" time="0.047"/>
  <testcase name="processPayment_forbiddenForCustomer()" classname="com.ehi.payment.controller.PaymentControllerTest" time="0.036"/>
  <testcase name="getMyPayments_forbiddenForAdmin()" classname="com.ehi.payment.controller.PaymentControllerTest" time="0.003"/>
  <testcase name="getMyPayments_allowedForCustomer()" classname="com.ehi.payment.controller.PaymentControllerTest" time="0.003"/>
  <testcase name="getPaymentById_blocked_whenUnauthenticated()" classname="com.ehi.payment.controller.PaymentControllerTest" time="0.003"/>
  <testcase name="processPayment_allowedForAdmin()" classname="com.ehi.payment.controller.PaymentControllerTest" time="0.003"/>
  <testcase name="getAllPayments_allowedForAdmin()" classname="com.ehi.payment.controller.PaymentControllerTest" time="0.004"/>
  <testcase name="getAllPayments_forbiddenForCustomer()" classname="com.ehi.payment.controller.PaymentControllerTest" time="0.002"/>
  <system-out><![CDATA[2026-06-13T18:14:37.177+04:00  INFO 31054 --- [e-health-insurance-payment] [    Test worker] .b.t.c.SpringBootTestContextBootstrapper : Found @SpringBootConfiguration com.ehi.payment.PaymentApplication for test class com.ehi.payment.controller.PaymentControllerTest

  .   ____          _            __ _ _
 /\\ / ___'_ __ _ _(_)_ __  __ _ \ \ \ \
( ( )\___ | '_ | '_| | '_ \/ _` | \ \ \ \
 \\/  ___)| |_)| | | | | || (_| |  ) ) ) )
  '  |____| .__|_| |_|_| |_\__, | / / / /
 =========|_|==============|___/=/_/_/_/

 :: Spring Boot ::                (v3.3.5)

2026-06-13T18:14:37.190+04:00  INFO 31054 --- [e-health-insurance-payment] [    Test worker] c.e.p.controller.PaymentControllerTest   : Starting PaymentControllerTest using Java 21.0.11 with PID 31054 (started by nijatnasirli in /Users/nijatnasirli/Desktop/EH-V2/e-health-insurance-payment)
2026-06-13T18:14:37.190+04:00  INFO 31054 --- [e-health-insurance-payment] [    Test worker] c.e.p.controller.PaymentControllerTest   : No active profile set, falling back to 1 default profile: "default"
2026-06-13T18:14:37.440+04:00  WARN 31054 --- [e-health-insurance-payment] [    Test worker] .s.s.UserDetailsServiceAutoConfiguration : 

Using generated security password: 2a3cac3d-2316-4716-9993-612c63b4dc82

This generated password is for development use only. Your security configuration must be updated before running your application in production.

2026-06-13T18:14:37.442+04:00  INFO 31054 --- [e-health-insurance-payment] [    Test worker] r$InitializeUserDetailsManagerConfigurer : Global AuthenticationManager configured with UserDetailsService bean with name inMemoryUserDetailsManager
2026-06-13T18:14:37.684+04:00  INFO 31054 --- [e-health-insurance-payment] [    Test worker] o.s.b.t.m.w.SpringBootMockServletContext : Initializing Spring TestDispatcherServlet ''
2026-06-13T18:14:37.684+04:00  INFO 31054 --- [e-health-insurance-payment] [    Test worker] o.s.t.web.servlet.TestDispatcherServlet  : Initializing Servlet ''
2026-06-13T18:14:37.685+04:00  INFO 31054 --- [e-health-insurance-payment] [    Test worker] o.s.t.web.servlet.TestDispatcherServlet  : Completed initialization in 1 ms
2026-06-13T18:14:37.695+04:00  INFO 31054 --- [e-health-insurance-payment] [    Test worker] c.e.p.controller.PaymentControllerTest   : Started PaymentControllerTest in 0.515 seconds (process running for 10.316)
]]></system-out>
  <system-err><![CDATA[]]></system-err>
</testsuite>
