<?xml version="1.0" encoding="UTF-8"?>
<testsuite name="com.ehi.payment.PaymentFlowIT" tests="3" skipped="0" failures="0" errors="0" timestamp="2026-06-13T04:06:55" hostname="AGA" time="10.82">
  <properties/>
  <testcase name="claimDecisionApproved_createsPayoutPayment()" classname="com.ehi.payment.PaymentFlowIT" time="5.916"/>
  <testcase name="policyCreated_completesPremiumPayment_andPublishesCompletedEvent()" classname="com.ehi.payment.PaymentFlowIT" time="2.799"/>
  <testcase name="claimDecisionRejected_doesNotCreatePayment()" classname="com.ehi.payment.PaymentFlowIT" time="2.099"/>
  <system-out><![CDATA[08:06:30.172 [Test worker] INFO org.springframework.test.context.support.AnnotationConfigContextLoaderUtils -- Could not detect default configuration classes for test class [com.ehi.payment.PaymentFlowIT]: PaymentFlowIT does not declare any static, non-private, non-final, nested classes annotated with @Configuration.
08:06:31.120 [Test worker] INFO org.springframework.boot.test.context.SpringBootTestContextBootstrapper -- Found @SpringBootConfiguration com.ehi.payment.PaymentApplication for test class com.ehi.payment.PaymentFlowIT

  .   ____          _            __ _ _
 /\\ / ___'_ __ _ _(_)_ __  __ _ \ \ \ \
( ( )\___ | '_ | '_| | '_ \/ _` | \ \ \ \
 \\/  ___)| |_)| | | | | || (_| |  ) ) ) )
  '  |____| .__|_| |_|_| |_\__, | / / / /
 =========|_|==============|___/=/_/_/_/
 :: Spring Boot ::                (v3.2.5)

2026-06-13T08:06:34.504+04:00  INFO 18180 --- [e-health-insurance-payment] [    Test worker] k.utils.Log4jControllerRegistration$     : Registered kafka:type=kafka.Log4jController MBean
2026-06-13T08:06:34.625+04:00  INFO 18180 --- [e-health-insurance-payment] [    Test worker] org.apache.zookeeper.common.X509Util     : Setting -D jdk.tls.rejectClientInitiatedRenegotiation=true to disable client-initiated TLS renegotiation
2026-06-13T08:06:35.103+04:00  INFO 18180 --- [e-health-insurance-payment] [-kit-executor-1] kafka.server.ControllerServer            : Formatting C:\Users\Aga\AppData\Local\Temp\kafka-10287454418901990431\controller_0 with metadata.version 3.3-IV0.
2026-06-13T08:06:35.109+04:00  INFO 18180 --- [e-health-insurance-payment] [-kit-executor-3] kafka.server.BrokerServer                : [BrokerServer id=0] Transition from SHUTDOWN to STARTING
2026-06-13T08:06:35.110+04:00  INFO 18180 --- [e-health-insurance-payment] [-kit-executor-2] kafka.server.ControllerServer            : [ControllerServer id=0] Starting controller
2026-06-13T08:06:35.112+04:00  INFO 18180 --- [e-health-insurance-payment] [-kit-executor-3] kafka.server.SharedServer                : [SharedServer id=0] Starting SharedServer
2026-06-13T08:06:35.178+04:00  INFO 18180 --- [e-health-insurance-payment] [-kit-executor-2] o.a.k.s.network.EndpointReadyFutures     : authorizerStart completed for endpoint CONTROLLER. Endpoint is now READY.
2026-06-13T08:06:35.438+04:00  INFO 18180 --- [e-health-insurance-payment] [-kit-executor-3] kafka.log.UnifiedLog$                    : [LogLoader partition=__cluster_metadata-0, dir=C:\Users\Aga\AppData\Local\Temp\kafka-10287454418901990431\controller_0] Loading producer state till offset 0 with message format version 2
2026-06-13T08:06:35.440+04:00  INFO 18180 --- [e-health-insurance-payment] [-kit-executor-3] kafka.log.UnifiedLog$                    : [LogLoader partition=__cluster_metadata-0, dir=C:\Users\Aga\AppData\Local\Temp\kafka-10287454418901990431\controller_0] Reloading from producer snapshot and rebuilding producer state from offset 0
2026-06-13T08:06:35.440+04:00  INFO 18180 --- [e-health-insurance-payment] [-kit-executor-3] kafka.log.UnifiedLog$                    : [LogLoader partition=__cluster_metadata-0, dir=C:\Users\Aga\AppData\Local\Temp\kafka-10287454418901990431\controller_0] Producer state recovery took 0ms for snapshot load and 0ms for segment recovery from offset 0
2026-06-13T08:06:35.551+04:00  INFO 18180 --- [e-health-insurance-payment] [-kit-executor-3] kafka.raft.KafkaMetadataLog$             : Initialized snapshots with IDs SortedSet() from C:\Users\Aga\AppData\Local\Temp\kafka-10287454418901990431\controller_0\__cluster_metadata-0
2026-06-13T08:06:35.647+04:00  INFO 18180 --- [e-health-insurance-payment] [piration-reaper] ExpirationService$ExpiredOperationReaper : [raft-expiration-reaper]: Starting
2026-06-13T08:06:35.760+04:00  INFO 18180 --- [e-health-insurance-payment] [-kit-executor-3] org.apache.kafka.raft.QuorumState        : [RaftManager id=0] Completed transition to Unattached(epoch=0, voters=[0], electionTimeoutMs=1368) from null
2026-06-13T08:06:35.775+04:00  INFO 18180 --- [e-health-insurance-payment] [-kit-executor-3] org.apache.kafka.raft.QuorumState        : [RaftManager id=0] Completed transition to CandidateState(localId=0, epoch=1, retries=1, voteStates={0=GRANTED}, highWatermark=Optional.empty, electionTimeoutMs=1264) from Unattached(epoch=0, voters=[0], electionTimeoutMs=1368)
2026-06-13T08:06:35.787+04:00  INFO 18180 --- [e-health-insurance-payment] [-kit-executor-3] org.apache.kafka.raft.QuorumState        : [RaftManager id=0] Completed transition to Leader(localId=0, epoch=1, epochStartOffset=0, highWatermark=Optional.empty, voterStates={0=ReplicaState(nodeId=0, endOffset=Optional.empty, lastFetchTimestamp=-1, lastCaughtUpTimestamp=-1, hasAcknowledgedLeader=true)}) from CandidateState(localId=0, epoch=1, retries=1, voteStates={0=GRANTED}, highWatermark=Optional.empty, electionTimeoutMs=1264)
2026-06-13T08:06:36.330+04:00  INFO 18180 --- [e-health-insurance-payment] [-kit-executor-2] kafka.network.ConnectionQuotas           : Updated connection-accept-rate max connection creation rate to 2147483647
2026-06-13T08:06:36.351+04:00  INFO 18180 --- [e-health-insurance-payment] [-kit-executor-2] kafka.network.DataPlaneAcceptor          : Awaiting socket connections on localhost:61018.
2026-06-13T08:06:36.352+04:00  INFO 18180 --- [e-health-insurance-payment] [-kit-executor-2] kafka.network.DataPlaneAcceptor          : Opened wildcard endpoint localhost:61018
2026-06-13T08:06:36.404+04:00  INFO 18180 --- [e-health-insurance-payment] [-kit-executor-2] kafka.network.SocketServer               : [SocketServer listenerType=CONTROLLER, nodeId=0] Created data-plane acceptor and processors for endpoint : ListenerName(CONTROLLER)
2026-06-13T08:06:36.412+04:00  INFO 18180 --- [e-health-insurance-payment] [-request-thread] kafka.raft.RaftSendThread                : [kafka-0-raft-outbound-request-thread]: Starting
2026-06-13T08:06:36.412+04:00  INFO 18180 --- [e-health-insurance-payment] [-raft-io-thread] k.raft.KafkaRaftManager$RaftIoThread     : [kafka-0-raft-io-thread]: Starting
2026-06-13T08:06:36.465+04:00  INFO 18180 --- [e-health-insurance-payment] [-raft-io-thread] org.apache.kafka.raft.LeaderState        : [RaftManager id=0] High watermark set to LogOffsetMetadata(offset=1, metadata=Optional[(segmentBaseOffset=0,relativePositionInSegment=91)]) for the first time for epoch 1 based on indexOfHw 0 and voters [ReplicaState(nodeId=0, endOffset=Optional[LogOffsetMetadata(offset=1, metadata=Optional[(segmentBaseOffset=0,relativePositionInSegment=91)])], lastFetchTimestamp=-1, lastCaughtUpTimestamp=-1, hasAcknowledgedLeader=true)]
2026-06-13T08:06:36.491+04:00  INFO 18180 --- [e-health-insurance-payment] [r-event-handler] o.a.kafka.image.loader.MetadataLoader    : [MetadataLoader id=0] initializeNewPublishers: The loader is still catching up because we have loaded up to offset -1, but the high water mark is 1
2026-06-13T08:06:36.495+04:00  INFO 18180 --- [e-health-insurance-payment] [-kit-executor-3] kafka.server.BrokerServer                : [BrokerServer id=0] Starting broker
2026-06-13T08:06:36.496+04:00  INFO 18180 --- [e-health-insurance-payment] [-raft-io-thread] org.apache.kafka.raft.KafkaRaftClient    : [RaftManager id=0] Registered the listener org.apache.kafka.image.loader.MetadataLoader@1000278975
2026-06-13T08:06:36.497+04:00  INFO 18180 --- [e-health-insurance-payment] [-kit-executor-2] kafka.server.ControllerServer            : [ControllerServer id=0] Waiting for controller quorum voters future
2026-06-13T08:06:36.498+04:00  INFO 18180 --- [e-health-insurance-payment] [-kit-executor-2] kafka.server.ControllerServer            : [ControllerServer id=0] Finished waiting for controller quorum voters future
2026-06-13T08:06:36.536+04:00  INFO 18180 --- [e-health-insurance-payment] [r-event-handler] o.a.kafka.image.loader.MetadataLoader    : [MetadataLoader id=0] maybePublishMetadata(LOG_DELTA): The loader is still catching up because we have not loaded a controller record as of offset 0 and high water mark is 1
2026-06-13T08:06:36.553+04:00  INFO 18180 --- [e-health-insurance-payment] [nelReaper-Fetch] lientQuotaManager$ThrottledChannelReaper : [broker-0-ThrottledChannelReaper-Fetch]: Starting
2026-06-13T08:06:36.554+04:00  INFO 18180 --- [e-health-insurance-payment] [lReaper-Produce] lientQuotaManager$ThrottledChannelReaper : [broker-0-ThrottledChannelReaper-Produce]: Starting
2026-06-13T08:06:36.559+04:00  INFO 18180 --- [e-health-insurance-payment] [lReaper-Request] lientQuotaManager$ThrottledChannelReaper : [broker-0-ThrottledChannelReaper-Request]: Starting
2026-06-13T08:06:36.566+04:00  INFO 18180 --- [e-health-insurance-payment] [trollerMutation] lientQuotaManager$ThrottledChannelReaper : [broker-0-ThrottledChannelReaper-ControllerMutation]: Starting
2026-06-13T08:06:36.602+04:00  INFO 18180 --- [e-health-insurance-payment] [r-event-handler] o.a.kafka.image.loader.MetadataLoader    : [MetadataLoader id=0] initializeNewPublishers: The loader finished catching up to the current high water mark of 1
2026-06-13T08:06:36.618+04:00  INFO 18180 --- [e-health-insurance-payment] [-kit-executor-3] kafka.log.LogManager                     : Log directory C:\Users\Aga\AppData\Local\Temp\kafka-10287454418901990431\broker_0_data0 not found, creating it.
2026-06-13T08:06:36.618+04:00  INFO 18180 --- [e-health-insurance-payment] [-kit-executor-2] o.a.kafka.controller.QuorumController    : [QuorumController id=0] Creating new QuorumController with clusterId yoYOWnUoTZqahMQWcStvRw.
2026-06-13T08:06:36.619+04:00  INFO 18180 --- [e-health-insurance-payment] [-raft-io-thread] org.apache.kafka.raft.KafkaRaftClient    : [RaftManager id=0] Registered the listener org.apache.kafka.controller.QuorumController$QuorumMetaLogListener@1012872944
2026-06-13T08:06:36.621+04:00  INFO 18180 --- [e-health-insurance-payment] [nelReaper-Fetch] lientQuotaManager$ThrottledChannelReaper : [controller-0-ThrottledChannelReaper-Fetch]: Starting
2026-06-13T08:06:36.621+04:00  INFO 18180 --- [e-health-insurance-payment] [lReaper-Produce] lientQuotaManager$ThrottledChannelReaper : [controller-0-ThrottledChannelReaper-Produce]: Starting
2026-06-13T08:06:36.623+04:00  INFO 18180 --- [e-health-insurance-payment] [trollerMutation] lientQuotaManager$ThrottledChannelReaper : [controller-0-ThrottledChannelReaper-ControllerMutation]: Starting
2026-06-13T08:06:36.622+04:00  INFO 18180 --- [e-health-insurance-payment] [lReaper-Request] lientQuotaManager$ThrottledChannelReaper : [controller-0-ThrottledChannelReaper-Request]: Starting
2026-06-13T08:06:36.627+04:00  INFO 18180 --- [e-health-insurance-payment] [r-event-handler] o.a.kafka.image.loader.MetadataLoader    : [MetadataLoader id=0] InitializeNewPublishers: initializing SnapshotGenerator with a snapshot at offset 0
2026-06-13T08:06:36.628+04:00  INFO 18180 --- [e-health-insurance-payment] [0-event-handler] o.a.kafka.controller.QuorumController    : [QuorumController id=0] Becoming the active controller at epoch 1, next write offset 1.
2026-06-13T08:06:36.646+04:00  INFO 18180 --- [e-health-insurance-payment] [-kit-executor-3] kafka.server.BrokerServer                : [BrokerServer id=0] Waiting for controller quorum voters future
2026-06-13T08:06:36.646+04:00  INFO 18180 --- [e-health-insurance-payment] [-kit-executor-3] kafka.server.BrokerServer                : [BrokerServer id=0] Finished waiting for controller quorum voters future
2026-06-13T08:06:36.650+04:00  WARN 18180 --- [e-health-insurance-payment] [0-event-handler] o.a.kafka.controller.QuorumController    : [QuorumController id=0] Performing controller activation. The metadata log appears to be empty. Appending 1 bootstrap record(s) in metadata transaction at metadata.version 3.6-IV2 from bootstrap source 'testkit'. Setting the ZK migration state to NONE since this is a de-novo KRaft cluster.
2026-06-13T08:06:36.658+04:00  INFO 18180 --- [e-health-insurance-payment] [0-event-handler] o.a.k.controller.OffsetControlManager    : [QuorumController id=0] Replayed BeginTransactionRecord(name='Bootstrap records') at offset 1.
2026-06-13T08:06:36.661+04:00  INFO 18180 --- [e-health-insurance-payment] [0-event-handler] o.a.k.controller.FeatureControlManager   : [QuorumController id=0] Replayed a FeatureLevelRecord setting metadata version to 3.6-IV2
2026-06-13T08:06:36.664+04:00  INFO 18180 --- [e-health-insurance-payment] [0-event-handler] o.a.k.controller.OffsetControlManager    : [QuorumController id=0] Replayed EndTransactionRecord() at offset 4.
2026-06-13T08:06:36.683+04:00  INFO 18180 --- [e-health-insurance-payment] [channel-manager] k.s.BrokerToControllerRequestThread      : [broker-0-to-controller-forwarding-channel-manager]: Starting
2026-06-13T08:06:36.689+04:00  INFO 18180 --- [e-health-insurance-payment] [channel-manager] k.s.BrokerToControllerRequestThread      : [broker-0-to-controller-forwarding-channel-manager]: Recorded new controller, from now on will use node localhost:61018 (id: 0 rack: null)
2026-06-13T08:06:36.700+04:00  INFO 18180 --- [e-health-insurance-payment] [per-0-AlterAcls] perationPurgatory$ExpiredOperationReaper : [ExpirationReaper-0-AlterAcls]: Starting
2026-06-13T08:06:36.732+04:00  INFO 18180 --- [e-health-insurance-payment] [-kit-executor-2] kafka.server.ControllerServer            : [ControllerServer id=0] Waiting for the controller metadata publishers to be installed
2026-06-13T08:06:36.732+04:00  INFO 18180 --- [e-health-insurance-payment] [-kit-executor-2] kafka.server.ControllerServer            : [ControllerServer id=0] Finished waiting for the controller metadata publishers to be installed
2026-06-13T08:06:36.732+04:00  INFO 18180 --- [e-health-insurance-payment] [r-event-handler] o.a.kafka.image.loader.MetadataLoader    : [MetadataLoader id=0] InitializeNewPublishers: initializing FeaturesPublisher with a snapshot at offset 4
2026-06-13T08:06:36.733+04:00  INFO 18180 --- [e-health-insurance-payment] [r-event-handler] o.a.kafka.image.loader.MetadataLoader    : [MetadataLoader id=0] InitializeNewPublishers: initializing DynamicConfigPublisher controller id=0 with a snapshot at offset 4
2026-06-13T08:06:36.734+04:00  INFO 18180 --- [e-health-insurance-payment] [-kit-executor-2] kafka.network.SocketServer               : [SocketServer listenerType=CONTROLLER, nodeId=0] Enabling request processing.
2026-06-13T08:06:36.735+04:00  INFO 18180 --- [e-health-insurance-payment] [r-event-handler] o.a.kafka.image.loader.MetadataLoader    : [MetadataLoader id=0] InitializeNewPublishers: initializing DynamicClientQuotaPublisher controller id=0 with a snapshot at offset 4
2026-06-13T08:06:36.737+04:00  INFO 18180 --- [e-health-insurance-payment] [r-event-handler] o.a.kafka.image.loader.MetadataLoader    : [MetadataLoader id=0] InitializeNewPublishers: initializing ScramPublisher controller id=0 with a snapshot at offset 4
2026-06-13T08:06:36.741+04:00  INFO 18180 --- [e-health-insurance-payment] [r-event-handler] o.a.kafka.image.loader.MetadataLoader    : [MetadataLoader id=0] InitializeNewPublishers: initializing DelegationTokenPublisher controller id=0 with a snapshot at offset 4
2026-06-13T08:06:36.743+04:00  INFO 18180 --- [e-health-insurance-payment] [-kit-executor-2] kafka.server.ControllerServer            : [ControllerServer id=0] Waiting for all of the authorizer futures to be completed
2026-06-13T08:06:36.744+04:00  INFO 18180 --- [e-health-insurance-payment] [-kit-executor-2] kafka.server.ControllerServer            : [ControllerServer id=0] Finished waiting for all of the authorizer futures to be completed
2026-06-13T08:06:36.745+04:00  INFO 18180 --- [e-health-insurance-payment] [-kit-executor-2] kafka.server.ControllerServer            : [ControllerServer id=0] Waiting for all of the SocketServer Acceptors to be started
2026-06-13T08:06:36.745+04:00  INFO 18180 --- [e-health-insurance-payment] [-kit-executor-2] kafka.server.ControllerServer            : [ControllerServer id=0] Finished waiting for all of the SocketServer Acceptors to be started
2026-06-13T08:06:36.747+04:00  INFO 18180 --- [e-health-insurance-payment] [r-event-handler] o.a.kafka.image.loader.MetadataLoader    : [MetadataLoader id=0] InitializeNewPublishers: initializing ControllerMetadataMetricsPublisher with a snapshot at offset 4
2026-06-13T08:06:36.749+04:00  INFO 18180 --- [e-health-insurance-payment] [r-event-handler] o.a.kafka.image.loader.MetadataLoader    : [MetadataLoader id=0] InitializeNewPublishers: initializing AclPublisher controller id=0 with a snapshot at offset 4
2026-06-13T08:06:36.777+04:00  INFO 18180 --- [e-health-insurance-payment] [-kit-executor-3] kafka.network.ConnectionQuotas           : Updated connection-accept-rate max connection creation rate to 2147483647
2026-06-13T08:06:36.781+04:00  INFO 18180 --- [e-health-insurance-payment] [-kit-executor-3] kafka.network.DataPlaneAcceptor          : Awaiting socket connections on localhost:61020.
2026-06-13T08:06:36.782+04:00  INFO 18180 --- [e-health-insurance-payment] [-kit-executor-3] kafka.network.DataPlaneAcceptor          : Opened wildcard endpoint localhost:61020
2026-06-13T08:06:36.808+04:00  INFO 18180 --- [e-health-insurance-payment] [-kit-executor-3] kafka.network.SocketServer               : [SocketServer listenerType=BROKER, nodeId=0] Created data-plane acceptor and processors for endpoint : ListenerName(EXTERNAL)
2026-06-13T08:06:36.826+04:00  INFO 18180 --- [e-health-insurance-payment] [channel-manager] k.s.BrokerToControllerRequestThread      : [broker-0-to-controller-alter-partition-channel-manager]: Starting
2026-06-13T08:06:36.828+04:00  INFO 18180 --- [e-health-insurance-payment] [channel-manager] k.s.BrokerToControllerRequestThread      : [broker-0-to-controller-alter-partition-channel-manager]: Recorded new controller, from now on will use node localhost:61018 (id: 0 rack: null)
2026-06-13T08:06:36.888+04:00  INFO 18180 --- [e-health-insurance-payment] [eaper-0-Produce] perationPurgatory$ExpiredOperationReaper : [ExpirationReaper-0-Produce]: Starting
2026-06-13T08:06:36.890+04:00  INFO 18180 --- [e-health-insurance-payment] [nReaper-0-Fetch] perationPurgatory$ExpiredOperationReaper : [ExpirationReaper-0-Fetch]: Starting
2026-06-13T08:06:36.891+04:00  INFO 18180 --- [e-health-insurance-payment] [0-DeleteRecords] perationPurgatory$ExpiredOperationReaper : [ExpirationReaper-0-DeleteRecords]: Starting
2026-06-13T08:06:36.895+04:00  INFO 18180 --- [e-health-insurance-payment] [r-0-ElectLeader] perationPurgatory$ExpiredOperationReaper : [ExpirationReaper-0-ElectLeader]: Starting
2026-06-13T08:06:36.900+04:00  INFO 18180 --- [e-health-insurance-payment] [r-0-RemoteFetch] perationPurgatory$ExpiredOperationReaper : [ExpirationReaper-0-RemoteFetch]: Starting
2026-06-13T08:06:36.955+04:00  INFO 18180 --- [e-health-insurance-payment] [per-0-Heartbeat] perationPurgatory$ExpiredOperationReaper : [ExpirationReaper-0-Heartbeat]: Starting
2026-06-13T08:06:36.957+04:00  INFO 18180 --- [e-health-insurance-payment] [per-0-Rebalance] perationPurgatory$ExpiredOperationReaper : [ExpirationReaper-0-Rebalance]: Starting
2026-06-13T08:06:37.091+04:00  INFO 18180 --- [e-health-insurance-payment] [channel-manager] k.s.BrokerToControllerRequestThread      : [broker-0-to-controller-heartbeat-channel-manager]: Starting
2026-06-13T08:06:37.104+04:00  INFO 18180 --- [e-health-insurance-payment] [r-event-handler] kafka.server.BrokerLifecycleManager      : [BrokerLifecycleManager id=0] Incarnation VvTtlUfeSG2Pli9MpgSjBw of broker 0 in cluster yoYOWnUoTZqahMQWcStvRw is now STARTING.
2026-06-13T08:06:37.103+04:00  INFO 18180 --- [e-health-insurance-payment] [channel-manager] k.s.BrokerToControllerRequestThread      : [broker-0-to-controller-heartbeat-channel-manager]: Recorded new controller, from now on will use node localhost:61018 (id: 0 rack: null)
2026-06-13T08:06:37.169+04:00  INFO 18180 --- [e-health-insurance-payment] [per-0-AlterAcls] perationPurgatory$ExpiredOperationReaper : [ExpirationReaper-0-AlterAcls]: Starting
2026-06-13T08:06:37.220+04:00  INFO 18180 --- [e-health-insurance-payment] [-kit-executor-3] kafka.server.BrokerServer                : [BrokerServer id=0] Waiting for the broker metadata publishers to be installed
2026-06-13T08:06:37.220+04:00  INFO 18180 --- [e-health-insurance-payment] [r-event-handler] o.a.kafka.image.loader.MetadataLoader    : [MetadataLoader id=0] InitializeNewPublishers: initializing BrokerMetadataPublisher with a snapshot at offset 5
2026-06-13T08:06:37.220+04:00  INFO 18180 --- [e-health-insurance-payment] [-kit-executor-3] kafka.server.BrokerServer                : [BrokerServer id=0] Finished waiting for the broker metadata publishers to be installed
2026-06-13T08:06:37.220+04:00  INFO 18180 --- [e-health-insurance-payment] [-kit-executor-3] kafka.server.BrokerServer                : [BrokerServer id=0] Waiting for the controller to acknowledge that we are caught up
2026-06-13T08:06:37.221+04:00  INFO 18180 --- [e-health-insurance-payment] [r-event-handler] k.s.metadata.BrokerMetadataPublisher     : [BrokerMetadataPublisher id=0] Publishing initial metadata at offset OffsetAndEpoch(offset=5, epoch=1) with metadata.version 3.6-IV2.
2026-06-13T08:06:37.224+04:00  INFO 18180 --- [e-health-insurance-payment] [r-event-handler] kafka.log.LogManager                     : Loading logs from log dirs ArraySeq(C:\Users\Aga\AppData\Local\Temp\kafka-10287454418901990431\broker_0_data0)
2026-06-13T08:06:37.235+04:00  INFO 18180 --- [e-health-insurance-payment] [r-event-handler] kafka.log.LogManager                     : No logs found to be loaded in C:\Users\Aga\AppData\Local\Temp\kafka-10287454418901990431\broker_0_data0
2026-06-13T08:06:37.252+04:00  INFO 18180 --- [e-health-insurance-payment] [r-event-handler] kafka.log.LogManager                     : Loaded 0 logs in 27ms
2026-06-13T08:06:37.255+04:00  INFO 18180 --- [e-health-insurance-payment] [r-event-handler] kafka.log.LogManager                     : Starting log cleanup with a period of 300000 ms.
2026-06-13T08:06:37.258+04:00  INFO 18180 --- [e-health-insurance-payment] [r-event-handler] kafka.log.LogManager                     : Starting log flusher with a default period of 9223372036854775807 ms.
2026-06-13T08:06:37.294+04:00  INFO 18180 --- [e-health-insurance-payment] [r-event-handler] kafka.log.LogCleaner                     : Starting the log cleaner
2026-06-13T08:06:37.307+04:00  INFO 18180 --- [e-health-insurance-payment] [0-event-handler] o.a.k.controller.ClusterControlManager   : [QuorumController id=0] Replayed initial RegisterBrokerRecord for broker 0: RegisterBrokerRecord(brokerId=0, isMigratingZkBroker=false, incarnationId=VvTtlUfeSG2Pli9MpgSjBw, brokerEpoch=6, endPoints=[BrokerEndpoint(name='EXTERNAL', host='localhost', port=61020, securityProtocol=0)], features=[BrokerFeature(name='metadata.version', minSupportedVersion=1, maxSupportedVersion=14)], rack=null, fenced=true, inControlledShutdown=false)
2026-06-13T08:06:37.316+04:00  INFO 18180 --- [e-health-insurance-payment] [leaner-thread-0] kafka.log.LogCleaner$CleanerThread       : [kafka-log-cleaner-thread-0]: Starting
2026-06-13T08:06:37.322+04:00  INFO 18180 --- [e-health-insurance-payment] [r-event-handler] k.coordinator.group.GroupCoordinator     : [GroupCoordinator 0]: Starting up.
2026-06-13T08:06:37.326+04:00  INFO 18180 --- [e-health-insurance-payment] [nSenderThread-0] kafka.server.AddPartitionsToTxnManager   : [AddPartitionsToTxnSenderThread-0]: Starting
2026-06-13T08:06:37.329+04:00  INFO 18180 --- [e-health-insurance-payment] [rFailureHandler] k.s.ReplicaManager$LogDirFailureHandler  : [LogDirFailureHandler]: Starting
2026-06-13T08:06:37.330+04:00  INFO 18180 --- [e-health-insurance-payment] [r-event-handler] k.coordinator.group.GroupCoordinator     : [GroupCoordinator 0]: Startup complete.
2026-06-13T08:06:37.332+04:00  INFO 18180 --- [e-health-insurance-payment] [r-event-handler] k.c.transaction.TransactionCoordinator   : [TransactionCoordinator id=0] Starting up.
2026-06-13T08:06:37.336+04:00  INFO 18180 --- [e-health-insurance-payment] [r-event-handler] k.c.transaction.TransactionCoordinator   : [TransactionCoordinator id=0] Startup complete.
2026-06-13T08:06:37.342+04:00  INFO 18180 --- [e-health-insurance-payment] [r-event-handler] k.s.metadata.BrokerMetadataPublisher     : [BrokerMetadataPublisher id=0] Updating metadata.version to 14 at offset OffsetAndEpoch(offset=5, epoch=1).
2026-06-13T08:06:37.348+04:00  INFO 18180 --- [e-health-insurance-payment] [rSenderThread-0] k.c.t.TransactionMarkerChannelManager    : [TxnMarkerSenderThread-0]: Starting
2026-06-13T08:06:37.354+04:00  INFO 18180 --- [e-health-insurance-payment] [channel-manager] kafka.server.BrokerLifecycleManager      : [BrokerLifecycleManager id=0] Successfully registered broker 0 with broker epoch 6
2026-06-13T08:06:37.405+04:00  INFO 18180 --- [e-health-insurance-payment] [channel-manager] kafka.server.BrokerLifecycleManager      : [BrokerLifecycleManager id=0] The broker has caught up. Transitioning from STARTING to RECOVERY.
2026-06-13T08:06:37.405+04:00  INFO 18180 --- [e-health-insurance-payment] [-kit-executor-3] kafka.server.BrokerServer                : [BrokerServer id=0] Finished waiting for the controller to acknowledge that we are caught up
2026-06-13T08:06:37.406+04:00  INFO 18180 --- [e-health-insurance-payment] [-kit-executor-3] kafka.server.BrokerServer                : [BrokerServer id=0] Waiting for the initial broker metadata update to be published
2026-06-13T08:06:37.406+04:00  INFO 18180 --- [e-health-insurance-payment] [-kit-executor-3] kafka.server.BrokerServer                : [BrokerServer id=0] Finished waiting for the initial broker metadata update to be published
2026-06-13T08:06:37.409+04:00  INFO 18180 --- [e-health-insurance-payment] [-kit-executor-3] kafka.server.KafkaConfig                 : KafkaConfig values: 
	advertised.listeners = null
	alter.config.policy.class.name = null
	alter.log.dirs.replication.quota.window.num = 11
	alter.log.dirs.replication.quota.window.size.seconds = 1
	authorizer.class.name = 
	auto.create.topics.enable = true
	auto.include.jmx.reporter = true
	auto.leader.rebalance.enable = true
	background.threads = 10
	broker.heartbeat.interval.ms = 2000
	broker.id = 0
	broker.id.generation.enable = true
	broker.rack = null
	broker.session.timeout.ms = 9000
	client.quota.callback.class = null
	compression.type = producer
	connection.failed.authentication.delay.ms = 100
	connections.max.idle.ms = 600000
	connections.max.reauth.ms = 0
	control.plane.listener.name = null
	controlled.shutdown.enable = true
	controlled.shutdown.max.retries = 3
	controlled.shutdown.retry.backoff.ms = 5000
	controller.listener.names = CONTROLLER
	controller.quorum.append.linger.ms = 25
	controller.quorum.election.backoff.max.ms = 1000
	controller.quorum.election.timeout.ms = 1000
	controller.quorum.fetch.timeout.ms = 2000
	controller.quorum.request.timeout.ms = 2000
	controller.quorum.retry.backoff.ms = 20
	controller.quorum.voters = [0@0.0.0.0:0]
	controller.quota.window.num = 11
	controller.quota.window.size.seconds = 1
	controller.socket.timeout.ms = 30000
	create.topic.policy.class.name = null
	default.replication.factor = 1
	delegation.token.expiry.check.interval.ms = 3600000
	delegation.token.expiry.time.ms = 86400000
	delegation.token.master.key = null
	delegation.token.max.lifetime.ms = 604800000
	delegation.token.secret.key = null
	delete.records.purgatory.purge.interval.requests = 1
	delete.topic.enable = true
	early.start.listeners = null
	fetch.max.bytes = 57671680
	fetch.purgatory.purge.interval.requests = 1000
	group.consumer.assignors = [org.apache.kafka.coordinator.group.assignor.RangeAssignor]
	group.consumer.heartbeat.interval.ms = 5000
	group.consumer.max.heartbeat.interval.ms = 15000
	group.consumer.max.session.timeout.ms = 60000
	group.consumer.max.size = 2147483647
	group.consumer.min.heartbeat.interval.ms = 5000
	group.consumer.min.session.timeout.ms = 45000
	group.consumer.session.timeout.ms = 45000
	group.coordinator.new.enable = false
	group.coordinator.threads = 1
	group.initial.rebalance.delay.ms = 0
	group.max.session.timeout.ms = 1800000
	group.max.size = 2147483647
	group.min.session.timeout.ms = 6000
	initial.broker.registration.timeout.ms = 60000
	inter.broker.listener.name = EXTERNAL
	inter.broker.protocol.version = 3.6-IV2
	kafka.metrics.polling.interval.secs = 10
	kafka.metrics.reporters = []
	leader.imbalance.check.interval.seconds = 300
	leader.imbalance.per.broker.percentage = 10
	listener.security.protocol.map = EXTERNAL:PLAINTEXT,CONTROLLER:PLAINTEXT
	listeners = EXTERNAL://localhost:0,CONTROLLER://localhost:0
	log.cleaner.backoff.ms = 15000
	log.cleaner.dedupe.buffer.size = 2097152
	log.cleaner.delete.retention.ms = 86400000
	log.cleaner.enable = true
	log.cleaner.io.buffer.load.factor = 0.9
	log.cleaner.io.buffer.size = 524288
	log.cleaner.io.max.bytes.per.second = 1.7976931348623157E308
	log.cleaner.max.compaction.lag.ms = 9223372036854775807
	log.cleaner.min.cleanable.ratio = 0.5
	log.cleaner.min.compaction.lag.ms = 0
	log.cleaner.threads = 1
	log.cleanup.policy = [delete]
	log.dir = /tmp/kafka-logs
	log.dirs = C:\Users\Aga\AppData\Local\Temp\kafka-10287454418901990431\broker_0_data0
	log.flush.interval.messages = 9223372036854775807
	log.flush.interval.ms = null
	log.flush.offset.checkpoint.interval.ms = 60000
	log.flush.scheduler.interval.ms = 9223372036854775807
	log.flush.start.offset.checkpoint.interval.ms = 60000
	log.index.interval.bytes = 4096
	log.index.size.max.bytes = 10485760
	log.local.retention.bytes = -2
	log.local.retention.ms = -2
	log.message.downconversion.enable = true
	log.message.format.version = 3.0-IV1
	log.message.timestamp.after.max.ms = 9223372036854775807
	log.message.timestamp.before.max.ms = 9223372036854775807
	log.message.timestamp.difference.max.ms = 9223372036854775807
	log.message.timestamp.type = CreateTime
	log.preallocate = false
	log.retention.bytes = -1
	log.retention.check.interval.ms = 300000
	log.retention.hours = 168
	log.retention.minutes = null
	log.retention.ms = null
	log.roll.hours = 168
	log.roll.jitter.hours = 0
	log.roll.jitter.ms = null
	log.roll.ms = null
	log.segment.bytes = 1073741824
	log.segment.delete.delay.ms = 60000
	max.connection.creation.rate = 2147483647
	max.connections = 2147483647
	max.connections.per.ip = 2147483647
	max.connections.per.ip.overrides = 
	max.incremental.fetch.session.cache.slots = 1000
	message.max.bytes = 1048588
	metadata.log.dir = C:\Users\Aga\AppData\Local\Temp\kafka-10287454418901990431\controller_0
	metadata.log.max.record.bytes.between.snapshots = 20971520
	metadata.log.max.snapshot.interval.ms = 3600000
	metadata.log.segment.bytes = 1073741824
	metadata.log.segment.min.bytes = 8388608
	metadata.log.segment.ms = 604800000
	metadata.max.idle.interval.ms = 500
	metadata.max.retention.bytes = 104857600
	metadata.max.retention.ms = 604800000
	metric.reporters = []
	metrics.num.samples = 2
	metrics.recording.level = INFO
	metrics.sample.window.ms = 30000
	min.insync.replicas = 1
	node.id = 0
	num.io.threads = 8
	num.network.threads = 3
	num.partitions = 1
	num.recovery.threads.per.data.dir = 1
	num.replica.alter.log.dirs.threads = null
	num.replica.fetchers = 1
	offset.metadata.max.bytes = 4096
	offsets.commit.required.acks = -1
	offsets.commit.timeout.ms = 5000
	offsets.load.buffer.size = 5242880
	offsets.retention.check.interval.ms = 600000
	offsets.retention.minutes = 10080
	offsets.topic.compression.codec = 0
	offsets.topic.num.partitions = 50
	offsets.topic.replication.factor = 1
	offsets.topic.segment.bytes = 104857600
	password.encoder.cipher.algorithm = AES/CBC/PKCS5Padding
	password.encoder.iterations = 4096
	password.encoder.key.length = 128
	password.encoder.keyfactory.algorithm = null
	password.encoder.old.secret = null
	password.encoder.secret = null
	principal.builder.class = class org.apache.kafka.common.security.authenticator.DefaultKafkaPrincipalBuilder
	process.roles = [broker, controller]
	producer.id.expiration.check.interval.ms = 600000
	producer.id.expiration.ms = 86400000
	producer.purgatory.purge.interval.requests = 1000
	queued.max.request.bytes = -1
	queued.max.requests = 500
	quota.window.num = 11
	quota.window.size.seconds = 1
	remote.log.index.file.cache.total.size.bytes = 1073741824
	remote.log.manager.task.interval.ms = 30000
	remote.log.manager.task.retry.backoff.max.ms = 30000
	remote.log.manager.task.retry.backoff.ms = 500
	remote.log.manager.task.retry.jitter = 0.2
	remote.log.manager.thread.pool.size = 10
	remote.log.metadata.custom.metadata.max.bytes = 128
	remote.log.metadata.manager.class.name = org.apache.kafka.server.log.remote.metadata.storage.TopicBasedRemoteLogMetadataManager
	remote.log.metadata.manager.class.path = null
	remote.log.metadata.manager.impl.prefix = rlmm.config.
	remote.log.metadata.manager.listener.name = null
	remote.log.reader.max.pending.tasks = 100
	remote.log.reader.threads = 10
	remote.log.storage.manager.class.name = null
	remote.log.storage.manager.class.path = null
	remote.log.storage.manager.impl.prefix = rsm.config.
	remote.log.storage.system.enable = false
	replica.fetch.backoff.ms = 1000
	replica.fetch.max.bytes = 1048576
	replica.fetch.min.bytes = 1
	replica.fetch.response.max.bytes = 10485760
	replica.fetch.wait.max.ms = 500
	replica.high.watermark.checkpoint.interval.ms = 5000
	replica.lag.time.max.ms = 30000
	replica.selector.class = null
	replica.socket.receive.buffer.bytes = 65536
	replica.socket.timeout.ms = 30000
	replication.quota.window.num = 11
	replication.quota.window.size.seconds = 1
	request.timeout.ms = 30000
	reserved.broker.max.id = 1000
	sasl.client.callback.handler.class = null
	sasl.enabled.mechanisms = [GSSAPI]
	sasl.jaas.config = null
	sasl.kerberos.kinit.cmd = /usr/bin/kinit
	sasl.kerberos.min.time.before.relogin = 60000
	sasl.kerberos.principal.to.local.rules = [DEFAULT]
	sasl.kerberos.service.name = null
	sasl.kerberos.ticket.renew.jitter = 0.05
	sasl.kerberos.ticket.renew.window.factor = 0.8
	sasl.login.callback.handler.class = null
	sasl.login.class = null
	sasl.login.connect.timeout.ms = null
	sasl.login.read.timeout.ms = null
	sasl.login.refresh.buffer.seconds = 300
	sasl.login.refresh.min.period.seconds = 60
	sasl.login.refresh.window.factor = 0.8
	sasl.login.refresh.window.jitter = 0.05
	sasl.login.retry.backoff.max.ms = 10000
	sasl.login.retry.backoff.ms = 100
	sasl.mechanism.controller.protocol = GSSAPI
	sasl.mechanism.inter.broker.protocol = GSSAPI
	sasl.oauthbearer.clock.skew.seconds = 30
	sasl.oauthbearer.expected.audience = null
	sasl.oauthbearer.expected.issuer = null
	sasl.oauthbearer.jwks.endpoint.refresh.ms = 3600000
	sasl.oauthbearer.jwks.endpoint.retry.backoff.max.ms = 10000
	sasl.oauthbearer.jwks.endpoint.retry.backoff.ms = 100
	sasl.oauthbearer.jwks.endpoint.url = null
	sasl.oauthbearer.scope.claim.name = scope
	sasl.oauthbearer.sub.claim.name = sub
	sasl.oauthbearer.token.endpoint.url = null
	sasl.server.callback.handler.class = null
	sasl.server.max.receive.size = 524288
	security.inter.broker.protocol = PLAINTEXT
	security.providers = null
	server.max.startup.time.ms = 600000
	socket.connection.setup.timeout.max.ms = 30000
	socket.connection.setup.timeout.ms = 10000
	socket.listen.backlog.size = 50
	socket.receive.buffer.bytes = 102400
	socket.request.max.bytes = 104857600
	socket.send.buffer.bytes = 102400
	ssl.cipher.suites = []
	ssl.client.auth = none
	ssl.enabled.protocols = [TLSv1.2, TLSv1.3]
	ssl.endpoint.identification.algorithm = https
	ssl.engine.factory.class = null
	ssl.key.password = null
	ssl.keymanager.algorithm = SunX509
	ssl.keystore.certificate.chain = null
	ssl.keystore.key = null
	ssl.keystore.location = null
	ssl.keystore.password = null
	ssl.keystore.type = JKS
	ssl.principal.mapping.rules = DEFAULT
	ssl.protocol = TLSv1.3
	ssl.provider = null
	ssl.secure.random.implementation = null
	ssl.trustmanager.algorithm = PKIX
	ssl.truststore.certificates = null
	ssl.truststore.location = null
	ssl.truststore.password = null
	ssl.truststore.type = JKS
	transaction.abort.timed.out.transaction.cleanup.interval.ms = 10000
	transaction.max.timeout.ms = 900000
	transaction.partition.verification.enable = true
	transaction.remove.expired.transaction.cleanup.interval.ms = 3600000
	transaction.state.log.load.buffer.size = 5242880
	transaction.state.log.min.isr = 2
	transaction.state.log.num.partitions = 50
	transaction.state.log.replication.factor = 3
	transaction.state.log.segment.bytes = 104857600
	transactional.id.expiration.ms = 604800000
	unclean.leader.election.enable = false
	unstable.api.versions.enable = false
	zookeeper.clientCnxnSocket = null
	zookeeper.connect = null
	zookeeper.connection.timeout.ms = null
	zookeeper.max.in.flight.requests = 10
	zookeeper.metadata.migration.enable = false
	zookeeper.metadata.migration.min.batch.size = 200
	zookeeper.session.timeout.ms = 18000
	zookeeper.set.acl = false
	zookeeper.ssl.cipher.suites = null
	zookeeper.ssl.client.enable = false
	zookeeper.ssl.crl.enable = false
	zookeeper.ssl.enabled.protocols = null
	zookeeper.ssl.endpoint.identification.algorithm = HTTPS
	zookeeper.ssl.keystore.location = null
	zookeeper.ssl.keystore.password = null
	zookeeper.ssl.keystore.type = null
	zookeeper.ssl.ocsp.enable = false
	zookeeper.ssl.protocol = TLSv1.2
	zookeeper.ssl.truststore.location = null
	zookeeper.ssl.truststore.password = null
	zookeeper.ssl.truststore.type = null

2026-06-13T08:06:37.449+04:00  INFO 18180 --- [e-health-insurance-payment] [channel-manager] kafka.server.BrokerLifecycleManager      : [BrokerLifecycleManager id=0] The broker is in RECOVERY.
2026-06-13T08:06:37.451+04:00  INFO 18180 --- [e-health-insurance-payment] [-kit-executor-3] kafka.server.BrokerServer                : [BrokerServer id=0] Waiting for the broker to be unfenced
2026-06-13T08:06:37.453+04:00  INFO 18180 --- [e-health-insurance-payment] [0-event-handler] o.a.k.controller.BrokerHeartbeatManager  : [QuorumController id=0] The request from broker 0 to unfence has been granted because it has caught up with the offset of its register broker record 6.
2026-06-13T08:06:37.471+04:00  INFO 18180 --- [e-health-insurance-payment] [0-event-handler] o.a.k.controller.ClusterControlManager   : [QuorumController id=0] Replayed BrokerRegistrationChangeRecord modifying the registration for broker 0: BrokerRegistrationChangeRecord(brokerId=0, brokerEpoch=6, fenced=-1, inControlledShutdown=0)
2026-06-13T08:06:37.516+04:00  INFO 18180 --- [e-health-insurance-payment] [channel-manager] kafka.server.BrokerLifecycleManager      : [BrokerLifecycleManager id=0] The broker has been unfenced. Transitioning from RECOVERY to RUNNING.
2026-06-13T08:06:37.516+04:00  INFO 18180 --- [e-health-insurance-payment] [-kit-executor-3] kafka.server.BrokerServer                : [BrokerServer id=0] Finished waiting for the broker to be unfenced
2026-06-13T08:06:37.517+04:00  INFO 18180 --- [e-health-insurance-payment] [-kit-executor-3] o.a.k.s.network.EndpointReadyFutures     : authorizerStart completed for endpoint EXTERNAL. Endpoint is now READY.
2026-06-13T08:06:37.518+04:00  INFO 18180 --- [e-health-insurance-payment] [-kit-executor-3] kafka.network.SocketServer               : [SocketServer listenerType=BROKER, nodeId=0] Enabling request processing.
2026-06-13T08:06:37.520+04:00  INFO 18180 --- [e-health-insurance-payment] [-kit-executor-3] kafka.server.BrokerServer                : [BrokerServer id=0] Waiting for all of the authorizer futures to be completed
2026-06-13T08:06:37.520+04:00  INFO 18180 --- [e-health-insurance-payment] [-kit-executor-3] kafka.server.BrokerServer                : [BrokerServer id=0] Finished waiting for all of the authorizer futures to be completed
2026-06-13T08:06:37.520+04:00  INFO 18180 --- [e-health-insurance-payment] [-kit-executor-3] kafka.server.BrokerServer                : [BrokerServer id=0] Waiting for all of the SocketServer Acceptors to be started
2026-06-13T08:06:37.520+04:00  INFO 18180 --- [e-health-insurance-payment] [-kit-executor-3] kafka.server.BrokerServer                : [BrokerServer id=0] Finished waiting for all of the SocketServer Acceptors to be started
2026-06-13T08:06:37.521+04:00  INFO 18180 --- [e-health-insurance-payment] [-kit-executor-3] kafka.server.BrokerServer                : [BrokerServer id=0] Transition from STARTING to STARTED
2026-06-13T08:06:37.554+04:00  INFO 18180 --- [e-health-insurance-payment] [    Test worker] o.a.k.clients.admin.AdminClientConfig    : AdminClientConfig values: 
	auto.include.jmx.reporter = true
	bootstrap.servers = [localhost:61020]
	client.dns.lookup = use_all_dns_ips
	client.id = 
	connections.max.idle.ms = 300000
	default.api.timeout.ms = 60000
	metadata.max.age.ms = 300000
	metric.reporters = []
	metrics.num.samples = 2
	metrics.recording.level = INFO
	metrics.sample.window.ms = 30000
	receive.buffer.bytes = 65536
	reconnect.backoff.max.ms = 1000
	reconnect.backoff.ms = 50
	request.timeout.ms = 30000
	retries = 2147483647
	retry.backoff.ms = 100
	sasl.client.callback.handler.class = null
	sasl.jaas.config = null
	sasl.kerberos.kinit.cmd = /usr/bin/kinit
	sasl.kerberos.min.time.before.relogin = 60000
	sasl.kerberos.service.name = null
	sasl.kerberos.ticket.renew.jitter = 0.05
	sasl.kerberos.ticket.renew.window.factor = 0.8
	sasl.login.callback.handler.class = null
	sasl.login.class = null
	sasl.login.connect.timeout.ms = null
	sasl.login.read.timeout.ms = null
	sasl.login.refresh.buffer.seconds = 300
	sasl.login.refresh.min.period.seconds = 60
	sasl.login.refresh.window.factor = 0.8
	sasl.login.refresh.window.jitter = 0.05
	sasl.login.retry.backoff.max.ms = 10000
	sasl.login.retry.backoff.ms = 100
	sasl.mechanism = GSSAPI
	sasl.oauthbearer.clock.skew.seconds = 30
	sasl.oauthbearer.expected.audience = null
	sasl.oauthbearer.expected.issuer = null
	sasl.oauthbearer.jwks.endpoint.refresh.ms = 3600000
	sasl.oauthbearer.jwks.endpoint.retry.backoff.max.ms = 10000
	sasl.oauthbearer.jwks.endpoint.retry.backoff.ms = 100
	sasl.oauthbearer.jwks.endpoint.url = null
	sasl.oauthbearer.scope.claim.name = scope
	sasl.oauthbearer.sub.claim.name = sub
	sasl.oauthbearer.token.endpoint.url = null
	security.protocol = PLAINTEXT
	security.providers = null
	send.buffer.bytes = 131072
	socket.connection.setup.timeout.max.ms = 30000
	socket.connection.setup.timeout.ms = 10000
	ssl.cipher.suites = null
	ssl.enabled.protocols = [TLSv1.2, TLSv1.3]
	ssl.endpoint.identification.algorithm = https
	ssl.engine.factory.class = null
	ssl.key.password = null
	ssl.keymanager.algorithm = SunX509
	ssl.keystore.certificate.chain = null
	ssl.keystore.key = null
	ssl.keystore.location = null
	ssl.keystore.password = null
	ssl.keystore.type = JKS
	ssl.protocol = TLSv1.3
	ssl.provider = null
	ssl.secure.random.implementation = null
	ssl.trustmanager.algorithm = PKIX
	ssl.truststore.certificates = null
	ssl.truststore.location = null
	ssl.truststore.password = null
	ssl.truststore.type = JKS

2026-06-13T08:06:37.674+04:00  INFO 18180 --- [e-health-insurance-payment] [    Test worker] o.a.kafka.common.utils.AppInfoParser     : Kafka version: 3.6.2
2026-06-13T08:06:37.675+04:00  INFO 18180 --- [e-health-insurance-payment] [    Test worker] o.a.kafka.common.utils.AppInfoParser     : Kafka commitId: c4deed513057c94e
2026-06-13T08:06:37.675+04:00  INFO 18180 --- [e-health-insurance-payment] [    Test worker] o.a.kafka.common.utils.AppInfoParser     : Kafka startTimeMs: 1781323597672
2026-06-13T08:06:37.850+04:00  INFO 18180 --- [e-health-insurance-payment] [0-event-handler] o.a.k.c.ReplicationControlManager        : [QuorumController id=0] CreateTopics result(s): CreatableTopic(name='policy.created', numPartitions=1, replicationFactor=1, assignments=[], configs=[]): SUCCESS, CreatableTopic(name='payment.completed', numPartitions=1, replicationFactor=1, assignments=[], configs=[]): SUCCESS, CreatableTopic(name='claim.decision', numPartitions=1, replicationFactor=1, assignments=[], configs=[]): SUCCESS
2026-06-13T08:06:37.852+04:00  INFO 18180 --- [e-health-insurance-payment] [0-event-handler] o.a.k.c.ReplicationControlManager        : [QuorumController id=0] Replayed TopicRecord for topic policy.created with topic ID 6sfY3YMVR1Ch3DNBed63Yw.
2026-06-13T08:06:37.853+04:00  INFO 18180 --- [e-health-insurance-payment] [0-event-handler] o.a.k.c.ReplicationControlManager        : [QuorumController id=0] Replayed PartitionRecord for new partition policy.created-0 with topic ID 6sfY3YMVR1Ch3DNBed63Yw and PartitionRegistration(replicas=[0], isr=[0], removingReplicas=[], addingReplicas=[], leader=0, leaderRecoveryState=RECOVERED, leaderEpoch=0, partitionEpoch=0).
2026-06-13T08:06:37.856+04:00  INFO 18180 --- [e-health-insurance-payment] [0-event-handler] o.a.k.c.ReplicationControlManager        : [QuorumController id=0] Replayed TopicRecord for topic payment.completed with topic ID GumR_EExR3iUhT5zlTSN7w.
2026-06-13T08:06:37.857+04:00  INFO 18180 --- [e-health-insurance-payment] [0-event-handler] o.a.k.c.ReplicationControlManager        : [QuorumController id=0] Replayed PartitionRecord for new partition payment.completed-0 with topic ID GumR_EExR3iUhT5zlTSN7w and PartitionRegistration(replicas=[0], isr=[0], removingReplicas=[], addingReplicas=[], leader=0, leaderRecoveryState=RECOVERED, leaderEpoch=0, partitionEpoch=0).
2026-06-13T08:06:37.858+04:00  INFO 18180 --- [e-health-insurance-payment] [0-event-handler] o.a.k.c.ReplicationControlManager        : [QuorumController id=0] Replayed TopicRecord for topic claim.decision with topic ID A1t1FIkMSlirM6GTlrpkFw.
2026-06-13T08:06:37.858+04:00  INFO 18180 --- [e-health-insurance-payment] [0-event-handler] o.a.k.c.ReplicationControlManager        : [QuorumController id=0] Replayed PartitionRecord for new partition claim.decision-0 with topic ID A1t1FIkMSlirM6GTlrpkFw and PartitionRegistration(replicas=[0], isr=[0], removingReplicas=[], addingReplicas=[], leader=0, leaderRecoveryState=RECOVERED, leaderEpoch=0, partitionEpoch=0).
2026-06-13T08:06:37.896+04:00  INFO 18180 --- [e-health-insurance-payment] [r-event-handler] state.change.logger                      : [Broker id=0] Transitioning 3 partition(s) to local leaders.
2026-06-13T08:06:37.900+04:00  INFO 18180 --- [e-health-insurance-payment] [r-event-handler] kafka.server.ReplicaFetcherManager       : [ReplicaFetcherManager on broker 0] Removed fetcher for partitions Set(payment.completed-0, claim.decision-0, policy.created-0)
2026-06-13T08:06:37.905+04:00  INFO 18180 --- [e-health-insurance-payment] [r-event-handler] state.change.logger                      : [Broker id=0] Creating new partition payment.completed-0 with topic id GumR_EExR3iUhT5zlTSN7w.
2026-06-13T08:06:37.909+04:00  INFO 18180 --- [e-health-insurance-payment] [| adminclient-1] o.a.kafka.common.utils.AppInfoParser     : App info kafka.admin.client for adminclient-1 unregistered
2026-06-13T08:06:37.917+04:00  INFO 18180 --- [e-health-insurance-payment] [| adminclient-1] o.apache.kafka.common.metrics.Metrics    : Metrics scheduler closed
2026-06-13T08:06:37.918+04:00  INFO 18180 --- [e-health-insurance-payment] [| adminclient-1] o.apache.kafka.common.metrics.Metrics    : Closing reporter org.apache.kafka.common.metrics.JmxReporter
2026-06-13T08:06:37.918+04:00  INFO 18180 --- [e-health-insurance-payment] [| adminclient-1] o.apache.kafka.common.metrics.Metrics    : Metrics reporters closed
2026-06-13T08:06:37.959+04:00  INFO 18180 --- [e-health-insurance-payment] [r-event-handler] kafka.log.UnifiedLog$                    : [LogLoader partition=payment.completed-0, dir=C:\Users\Aga\AppData\Local\Temp\kafka-10287454418901990431\broker_0_data0] Loading producer state till offset 0 with message format version 2
2026-06-13T08:06:37.962+04:00  INFO 18180 --- [e-health-insurance-payment] [    Test worker] com.ehi.payment.PaymentFlowIT            : Starting PaymentFlowIT using Java 17.0.19 with PID 18180 (started by Aga in D:\ehfinal\e-health-insurance-payment)
2026-06-13T08:06:37.965+04:00  INFO 18180 --- [e-health-insurance-payment] [    Test worker] com.ehi.payment.PaymentFlowIT            : The following 1 profile is active: "it"
2026-06-13T08:06:37.966+04:00  INFO 18180 --- [e-health-insurance-payment] [r-event-handler] kafka.log.LogManager                     : Created log for partition payment.completed-0 in C:\Users\Aga\AppData\Local\Temp\kafka-10287454418901990431\broker_0_data0\payment.completed-0 with properties {}
2026-06-13T08:06:37.973+04:00  INFO 18180 --- [e-health-insurance-payment] [r-event-handler] kafka.cluster.Partition                  : [Partition payment.completed-0 broker=0] No checkpointed highwatermark is found for partition payment.completed-0
2026-06-13T08:06:37.977+04:00  INFO 18180 --- [e-health-insurance-payment] [r-event-handler] kafka.cluster.Partition                  : [Partition payment.completed-0 broker=0] Log loaded for partition payment.completed-0 with initial high watermark 0
2026-06-13T08:06:37.987+04:00  INFO 18180 --- [e-health-insurance-payment] [r-event-handler] state.change.logger                      : [Broker id=0] Leader payment.completed-0 with topic id Some(GumR_EExR3iUhT5zlTSN7w) starts at leader epoch 0 from offset 0 with partition epoch 0, high watermark 0, ISR [0], adding replicas [] and removing replicas [] . Previous leader None and previous leader epoch was -1.
2026-06-13T08:06:38.000+04:00  INFO 18180 --- [e-health-insurance-payment] [r-event-handler] state.change.logger                      : [Broker id=0] Creating new partition claim.decision-0 with topic id A1t1FIkMSlirM6GTlrpkFw.
2026-06-13T08:06:38.020+04:00  INFO 18180 --- [e-health-insurance-payment] [r-event-handler] kafka.log.UnifiedLog$                    : [LogLoader partition=claim.decision-0, dir=C:\Users\Aga\AppData\Local\Temp\kafka-10287454418901990431\broker_0_data0] Loading producer state till offset 0 with message format version 2
2026-06-13T08:06:38.022+04:00  INFO 18180 --- [e-health-insurance-payment] [r-event-handler] kafka.log.LogManager                     : Created log for partition claim.decision-0 in C:\Users\Aga\AppData\Local\Temp\kafka-10287454418901990431\broker_0_data0\claim.decision-0 with properties {}
2026-06-13T08:06:38.023+04:00  INFO 18180 --- [e-health-insurance-payment] [r-event-handler] kafka.cluster.Partition                  : [Partition claim.decision-0 broker=0] No checkpointed highwatermark is found for partition claim.decision-0
2026-06-13T08:06:38.023+04:00  INFO 18180 --- [e-health-insurance-payment] [r-event-handler] kafka.cluster.Partition                  : [Partition claim.decision-0 broker=0] Log loaded for partition claim.decision-0 with initial high watermark 0
2026-06-13T08:06:38.024+04:00  INFO 18180 --- [e-health-insurance-payment] [r-event-handler] state.change.logger                      : [Broker id=0] Leader claim.decision-0 with topic id Some(A1t1FIkMSlirM6GTlrpkFw) starts at leader epoch 0 from offset 0 with partition epoch 0, high watermark 0, ISR [0], adding replicas [] and removing replicas [] . Previous leader None and previous leader epoch was -1.
2026-06-13T08:06:38.032+04:00  INFO 18180 --- [e-health-insurance-payment] [r-event-handler] state.change.logger                      : [Broker id=0] Creating new partition policy.created-0 with topic id 6sfY3YMVR1Ch3DNBed63Yw.
2026-06-13T08:06:38.052+04:00  INFO 18180 --- [e-health-insurance-payment] [r-event-handler] kafka.log.UnifiedLog$                    : [LogLoader partition=policy.created-0, dir=C:\Users\Aga\AppData\Local\Temp\kafka-10287454418901990431\broker_0_data0] Loading producer state till offset 0 with message format version 2
2026-06-13T08:06:38.054+04:00  INFO 18180 --- [e-health-insurance-payment] [r-event-handler] kafka.log.LogManager                     : Created log for partition policy.created-0 in C:\Users\Aga\AppData\Local\Temp\kafka-10287454418901990431\broker_0_data0\policy.created-0 with properties {}
2026-06-13T08:06:38.055+04:00  INFO 18180 --- [e-health-insurance-payment] [r-event-handler] kafka.cluster.Partition                  : [Partition policy.created-0 broker=0] No checkpointed highwatermark is found for partition policy.created-0
2026-06-13T08:06:38.055+04:00  INFO 18180 --- [e-health-insurance-payment] [r-event-handler] kafka.cluster.Partition                  : [Partition policy.created-0 broker=0] Log loaded for partition policy.created-0 with initial high watermark 0
2026-06-13T08:06:38.055+04:00  INFO 18180 --- [e-health-insurance-payment] [r-event-handler] state.change.logger                      : [Broker id=0] Leader policy.created-0 with topic id Some(6sfY3YMVR1Ch3DNBed63Yw) starts at leader epoch 0 from offset 0 with partition epoch 0, high watermark 0, ISR [0], adding replicas [] and removing replicas [] . Previous leader None and previous leader epoch was -1.
2026-06-13T08:06:41.704+04:00  INFO 18180 --- [e-health-insurance-payment] [    Test worker] .s.d.r.c.RepositoryConfigurationDelegate : Bootstrapping Spring Data JPA repositories in DEFAULT mode.
2026-06-13T08:06:42.342+04:00  INFO 18180 --- [e-health-insurance-payment] [    Test worker] .s.d.r.c.RepositoryConfigurationDelegate : Finished Spring Data repository scanning in 609 ms. Found 2 JPA repository interfaces.
2026-06-13T08:06:44.077+04:00  INFO 18180 --- [e-health-insurance-payment] [    Test worker] o.hibernate.jpa.internal.util.LogHelper  : HHH000204: Processing PersistenceUnitInfo [name: default]
2026-06-13T08:06:44.337+04:00  INFO 18180 --- [e-health-insurance-payment] [    Test worker] org.hibernate.Version                    : HHH000412: Hibernate ORM core version 6.4.4.Final
2026-06-13T08:06:44.525+04:00  INFO 18180 --- [e-health-insurance-payment] [    Test worker] o.h.c.internal.RegionFactoryInitiator    : HHH000026: Second-level cache disabled
2026-06-13T08:06:45.392+04:00  INFO 18180 --- [e-health-insurance-payment] [    Test worker] o.s.o.j.p.SpringPersistenceUnitInfo      : No LoadTimeWeaver setup: ignoring JPA class transformer
2026-06-13T08:06:45.501+04:00  INFO 18180 --- [e-health-insurance-payment] [    Test worker] com.zaxxer.hikari.HikariDataSource       : HikariPool-1 - Starting...
2026-06-13T08:06:46.209+04:00  INFO 18180 --- [e-health-insurance-payment] [    Test worker] com.zaxxer.hikari.pool.HikariPool        : HikariPool-1 - Added connection org.postgresql.jdbc.PgConnection@72a0a60d
2026-06-13T08:06:46.214+04:00  INFO 18180 --- [e-health-insurance-payment] [    Test worker] com.zaxxer.hikari.HikariDataSource       : HikariPool-1 - Start completed.
2026-06-13T08:06:50.232+04:00  INFO 18180 --- [e-health-insurance-payment] [    Test worker] o.h.e.t.j.p.i.JtaPlatformInitiator       : HHH000489: No JTA platform available (set 'hibernate.transaction.jta.platform' to enable JTA platform integration)
2026-06-13T08:06:50.293+04:00  WARN 18180 --- [e-health-insurance-payment] [    Test worker] o.h.engine.jdbc.spi.SqlExceptionHelper   : SQL Warning Code: 0, SQLState: 00000
2026-06-13T08:06:50.293+04:00  WARN 18180 --- [e-health-insurance-payment] [    Test worker] o.h.engine.jdbc.spi.SqlExceptionHelper   : table "payments" does not exist, skipping
2026-06-13T08:06:50.298+04:00  WARN 18180 --- [e-health-insurance-payment] [    Test worker] o.h.engine.jdbc.spi.SqlExceptionHelper   : SQL Warning Code: 0, SQLState: 00000
2026-06-13T08:06:50.298+04:00  WARN 18180 --- [e-health-insurance-payment] [    Test worker] o.h.engine.jdbc.spi.SqlExceptionHelper   : table "saved_cards" does not exist, skipping
2026-06-13T08:06:50.590+04:00  INFO 18180 --- [e-health-insurance-payment] [    Test worker] j.LocalContainerEntityManagerFactoryBean : Initialized JPA EntityManagerFactory for persistence unit 'default'
2026-06-13T08:06:53.749+04:00  WARN 18180 --- [e-health-insurance-payment] [    Test worker] .s.s.UserDetailsServiceAutoConfiguration : 

Using generated security password: 3095fc94-843d-4f58-b50e-ff340682ab12

This generated password is for development use only. Your security configuration must be updated before running your application in production.

2026-06-13T08:06:54.127+04:00  INFO 18180 --- [e-health-insurance-payment] [    Test worker] o.s.s.web.DefaultSecurityFilterChain     : Will secure any request with [org.springframework.security.web.session.DisableEncodeUrlFilter@1a9cfd5f, org.springframework.security.web.context.request.async.WebAsyncManagerIntegrationFilter@792a9cb1, org.springframework.security.web.context.SecurityContextHolderFilter@2048255a, org.springframework.security.web.header.HeaderWriterFilter@25a2a71d, org.springframework.security.web.authentication.logout.LogoutFilter@1455d0f5, com.ehi.payment.security.JwtAuthenticationFilter@7a80ebcd, org.springframework.security.web.savedrequest.RequestCacheAwareFilter@3f4b59fd, org.springframework.security.web.servletapi.SecurityContextHolderAwareRequestFilter@22599048, org.springframework.security.web.authentication.AnonymousAuthenticationFilter@51fadd20, org.springframework.security.web.session.SessionManagementFilter@150963fe, org.springframework.security.web.access.ExceptionTranslationFilter@56929ce, org.springframework.security.web.access.intercept.AuthorizationFilter@cede70a]
2026-06-13T08:06:54.932+04:00  INFO 18180 --- [e-health-insurance-payment] [    Test worker] o.a.k.clients.consumer.ConsumerConfig    : ConsumerConfig values: 
	allow.auto.create.topics = true
	auto.commit.interval.ms = 5000
	auto.include.jmx.reporter = true
	auto.offset.reset = earliest
	bootstrap.servers = [localhost:61020]
	check.crcs = true
	client.dns.lookup = use_all_dns_ips
	client.id = consumer-payment-service-1
	client.rack = 
	connections.max.idle.ms = 540000
	default.api.timeout.ms = 60000
	enable.auto.commit = false
	exclude.internal.topics = true
	fetch.max.bytes = 52428800
	fetch.max.wait.ms = 500
	fetch.min.bytes = 1
	group.id = payment-service
	group.instance.id = null
	heartbeat.interval.ms = 3000
	interceptor.classes = []
	internal.leave.group.on.close = true
	internal.throw.on.fetch.stable.offset.unsupported = false
	isolation.level = read_uncommitted
	key.deserializer = class org.apache.kafka.common.serialization.StringDeserializer
	max.partition.fetch.bytes = 1048576
	max.poll.interval.ms = 300000
	max.poll.records = 500
	metadata.max.age.ms = 300000
	metric.reporters = []
	metrics.num.samples = 2
	metrics.recording.level = INFO
	metrics.sample.window.ms = 30000
	partition.assignment.strategy = [class org.apache.kafka.clients.consumer.RangeAssignor, class org.apache.kafka.clients.consumer.CooperativeStickyAssignor]
	receive.buffer.bytes = 65536
	reconnect.backoff.max.ms = 1000
	reconnect.backoff.ms = 50
	request.timeout.ms = 30000
	retry.backoff.ms = 100
	sasl.client.callback.handler.class = null
	sasl.jaas.config = null
	sasl.kerberos.kinit.cmd = /usr/bin/kinit
	sasl.kerberos.min.time.before.relogin = 60000
	sasl.kerberos.service.name = null
	sasl.kerberos.ticket.renew.jitter = 0.05
	sasl.kerberos.ticket.renew.window.factor = 0.8
	sasl.login.callback.handler.class = null
	sasl.login.class = null
	sasl.login.connect.timeout.ms = null
	sasl.login.read.timeout.ms = null
	sasl.login.refresh.buffer.seconds = 300
	sasl.login.refresh.min.period.seconds = 60
	sasl.login.refresh.window.factor = 0.8
	sasl.login.refresh.window.jitter = 0.05
	sasl.login.retry.backoff.max.ms = 10000
	sasl.login.retry.backoff.ms = 100
	sasl.mechanism = GSSAPI
	sasl.oauthbearer.clock.skew.seconds = 30
	sasl.oauthbearer.expected.audience = null
	sasl.oauthbearer.expected.issuer = null
	sasl.oauthbearer.jwks.endpoint.refresh.ms = 3600000
	sasl.oauthbearer.jwks.endpoint.retry.backoff.max.ms = 10000
	sasl.oauthbearer.jwks.endpoint.retry.backoff.ms = 100
	sasl.oauthbearer.jwks.endpoint.url = null
	sasl.oauthbearer.scope.claim.name = scope
	sasl.oauthbearer.sub.claim.name = sub
	sasl.oauthbearer.token.endpoint.url = null
	security.protocol = PLAINTEXT
	security.providers = null
	send.buffer.bytes = 131072
	session.timeout.ms = 45000
	socket.connection.setup.timeout.max.ms = 30000
	socket.connection.setup.timeout.ms = 10000
	ssl.cipher.suites = null
	ssl.enabled.protocols = [TLSv1.2, TLSv1.3]
	ssl.endpoint.identification.algorithm = https
	ssl.engine.factory.class = null
	ssl.key.password = null
	ssl.keymanager.algorithm = SunX509
	ssl.keystore.certificate.chain = null
	ssl.keystore.key = null
	ssl.keystore.location = null
	ssl.keystore.password = null
	ssl.keystore.type = JKS
	ssl.protocol = TLSv1.3
	ssl.provider = null
	ssl.secure.random.implementation = null
	ssl.trustmanager.algorithm = PKIX
	ssl.truststore.certificates = null
	ssl.truststore.location = null
	ssl.truststore.password = null
	ssl.truststore.type = JKS
	value.deserializer = class org.springframework.kafka.support.serializer.JsonDeserializer

2026-06-13T08:06:55.080+04:00  INFO 18180 --- [e-health-insurance-payment] [    Test worker] o.a.kafka.common.utils.AppInfoParser     : Kafka version: 3.6.2
2026-06-13T08:06:55.080+04:00  INFO 18180 --- [e-health-insurance-payment] [    Test worker] o.a.kafka.common.utils.AppInfoParser     : Kafka commitId: c4deed513057c94e
2026-06-13T08:06:55.080+04:00  INFO 18180 --- [e-health-insurance-payment] [    Test worker] o.a.kafka.common.utils.AppInfoParser     : Kafka startTimeMs: 1781323615080
2026-06-13T08:06:55.086+04:00  INFO 18180 --- [e-health-insurance-payment] [    Test worker] fkaConsumerFactory$ExtendedKafkaConsumer : [Consumer clientId=consumer-payment-service-1, groupId=payment-service] Subscribed to topic(s): claim.decision
2026-06-13T08:06:55.113+04:00  INFO 18180 --- [e-health-insurance-payment] [    Test worker] o.a.k.clients.consumer.ConsumerConfig    : ConsumerConfig values: 
	allow.auto.create.topics = true
	auto.commit.interval.ms = 5000
	auto.include.jmx.reporter = true
	auto.offset.reset = earliest
	bootstrap.servers = [localhost:61020]
	check.crcs = true
	client.dns.lookup = use_all_dns_ips
	client.id = consumer-payment-service-2
	client.rack = 
	connections.max.idle.ms = 540000
	default.api.timeout.ms = 60000
	enable.auto.commit = false
	exclude.internal.topics = true
	fetch.max.bytes = 52428800
	fetch.max.wait.ms = 500
	fetch.min.bytes = 1
	group.id = payment-service
	group.instance.id = null
	heartbeat.interval.ms = 3000
	interceptor.classes = []
	internal.leave.group.on.close = true
	internal.throw.on.fetch.stable.offset.unsupported = false
	isolation.level = read_uncommitted
	key.deserializer = class org.apache.kafka.common.serialization.StringDeserializer
	max.partition.fetch.bytes = 1048576
	max.poll.interval.ms = 300000
	max.poll.records = 500
	metadata.max.age.ms = 300000
	metric.reporters = []
	metrics.num.samples = 2
	metrics.recording.level = INFO
	metrics.sample.window.ms = 30000
	partition.assignment.strategy = [class org.apache.kafka.clients.consumer.RangeAssignor, class org.apache.kafka.clients.consumer.CooperativeStickyAssignor]
	receive.buffer.bytes = 65536
	reconnect.backoff.max.ms = 1000
	reconnect.backoff.ms = 50
	request.timeout.ms = 30000
	retry.backoff.ms = 100
	sasl.client.callback.handler.class = null
	sasl.jaas.config = null
	sasl.kerberos.kinit.cmd = /usr/bin/kinit
	sasl.kerberos.min.time.before.relogin = 60000
	sasl.kerberos.service.name = null
	sasl.kerberos.ticket.renew.jitter = 0.05
	sasl.kerberos.ticket.renew.window.factor = 0.8
	sasl.login.callback.handler.class = null
	sasl.login.class = null
	sasl.login.connect.timeout.ms = null
	sasl.login.read.timeout.ms = null
	sasl.login.refresh.buffer.seconds = 300
	sasl.login.refresh.min.period.seconds = 60
	sasl.login.refresh.window.factor = 0.8
	sasl.login.refresh.window.jitter = 0.05
	sasl.login.retry.backoff.max.ms = 10000
	sasl.login.retry.backoff.ms = 100
	sasl.mechanism = GSSAPI
	sasl.oauthbearer.clock.skew.seconds = 30
	sasl.oauthbearer.expected.audience = null
	sasl.oauthbearer.expected.issuer = null
	sasl.oauthbearer.jwks.endpoint.refresh.ms = 3600000
	sasl.oauthbearer.jwks.endpoint.retry.backoff.max.ms = 10000
	sasl.oauthbearer.jwks.endpoint.retry.backoff.ms = 100
	sasl.oauthbearer.jwks.endpoint.url = null
	sasl.oauthbearer.scope.claim.name = scope
	sasl.oauthbearer.sub.claim.name = sub
	sasl.oauthbearer.token.endpoint.url = null
	security.protocol = PLAINTEXT
	security.providers = null
	send.buffer.bytes = 131072
	session.timeout.ms = 45000
	socket.connection.setup.timeout.max.ms = 30000
	socket.connection.setup.timeout.ms = 10000
	ssl.cipher.suites = null
	ssl.enabled.protocols = [TLSv1.2, TLSv1.3]
	ssl.endpoint.identification.algorithm = https
	ssl.engine.factory.class = null
	ssl.key.password = null
	ssl.keymanager.algorithm = SunX509
	ssl.keystore.certificate.chain = null
	ssl.keystore.key = null
	ssl.keystore.location = null
	ssl.keystore.password = null
	ssl.keystore.type = JKS
	ssl.protocol = TLSv1.3
	ssl.provider = null
	ssl.secure.random.implementation = null
	ssl.trustmanager.algorithm = PKIX
	ssl.truststore.certificates = null
	ssl.truststore.location = null
	ssl.truststore.password = null
	ssl.truststore.type = JKS
	value.deserializer = class org.springframework.kafka.support.serializer.JsonDeserializer

2026-06-13T08:06:55.132+04:00  INFO 18180 --- [e-health-insurance-payment] [    Test worker] o.a.kafka.common.utils.AppInfoParser     : Kafka version: 3.6.2
2026-06-13T08:06:55.133+04:00  INFO 18180 --- [e-health-insurance-payment] [    Test worker] o.a.kafka.common.utils.AppInfoParser     : Kafka commitId: c4deed513057c94e
2026-06-13T08:06:55.133+04:00  INFO 18180 --- [e-health-insurance-payment] [    Test worker] o.a.kafka.common.utils.AppInfoParser     : Kafka startTimeMs: 1781323615132
2026-06-13T08:06:55.133+04:00  INFO 18180 --- [e-health-insurance-payment] [    Test worker] fkaConsumerFactory$ExtendedKafkaConsumer : [Consumer clientId=consumer-payment-service-2, groupId=payment-service] Subscribed to topic(s): policy.created
2026-06-13T08:06:55.161+04:00  INFO 18180 --- [e-health-insurance-payment] [    Test worker] com.ehi.payment.PaymentFlowIT            : Started PaymentFlowIT in 23.268 seconds (process running for 31.819)
2026-06-13T08:06:55.172+04:00  INFO 18180 --- [e-health-insurance-payment] [quest-handler-1] k.s.DefaultAutoTopicCreationManager      : Sent auto-creation request for Set(__consumer_offsets) to the active controller.
2026-06-13T08:06:55.173+04:00  INFO 18180 --- [e-health-insurance-payment] [ntainer#1-0-C-1] org.apache.kafka.clients.Metadata        : [Consumer clientId=consumer-payment-service-2, groupId=payment-service] Cluster ID: yoYOWnUoTZqahMQWcStvRw
2026-06-13T08:06:55.174+04:00  INFO 18180 --- [e-health-insurance-payment] [ntainer#0-0-C-1] org.apache.kafka.clients.Metadata        : [Consumer clientId=consumer-payment-service-1, groupId=payment-service] Cluster ID: yoYOWnUoTZqahMQWcStvRw
2026-06-13T08:06:55.181+04:00  INFO 18180 --- [e-health-insurance-payment] [0-event-handler] o.a.k.c.ReplicationControlManager        : [QuorumController id=0] CreateTopics result(s): CreatableTopic(name='__consumer_offsets', numPartitions=50, replicationFactor=1, assignments=[], configs=[CreateableTopicConfig(name='compression.type', value='producer'), CreateableTopicConfig(name='cleanup.policy', value='compact'), CreateableTopicConfig(name='segment.bytes', value='104857600')]): SUCCESS
2026-06-13T08:06:55.182+04:00  INFO 18180 --- [e-health-insurance-payment] [0-event-handler] o.a.k.c.ReplicationControlManager        : [QuorumController id=0] Replayed TopicRecord for topic __consumer_offsets with topic ID h8qf8O98QluZyMa7yBMrjQ.
2026-06-13T08:06:55.182+04:00  INFO 18180 --- [e-health-insurance-payment] [0-event-handler] o.a.k.c.ConfigurationControlManager      : [QuorumController id=0] Replayed ConfigRecord for ConfigResource(type=TOPIC, name='__consumer_offsets') which set configuration compression.type to producer
2026-06-13T08:06:55.183+04:00  INFO 18180 --- [e-health-insurance-payment] [0-event-handler] o.a.k.c.ConfigurationControlManager      : [QuorumController id=0] Replayed ConfigRecord for ConfigResource(type=TOPIC, name='__consumer_offsets') which set configuration cleanup.policy to compact
2026-06-13T08:06:55.183+04:00  INFO 18180 --- [e-health-insurance-payment] [0-event-handler] o.a.k.c.ConfigurationControlManager      : [QuorumController id=0] Replayed ConfigRecord for ConfigResource(type=TOPIC, name='__consumer_offsets') which set configuration segment.bytes to 104857600
2026-06-13T08:06:55.183+04:00  INFO 18180 --- [e-health-insurance-payment] [0-event-handler] o.a.k.c.ReplicationControlManager        : [QuorumController id=0] Replayed PartitionRecord for new partition __consumer_offsets-0 with topic ID h8qf8O98QluZyMa7yBMrjQ and PartitionRegistration(replicas=[0], isr=[0], removingReplicas=[], addingReplicas=[], leader=0, leaderRecoveryState=RECOVERED, leaderEpoch=0, partitionEpoch=0).
2026-06-13T08:06:55.184+04:00  INFO 18180 --- [e-health-insurance-payment] [0-event-handler] o.a.k.c.ReplicationControlManager        : [QuorumController id=0] Replayed PartitionRecord for new partition __consumer_offsets-1 with topic ID h8qf8O98QluZyMa7yBMrjQ and PartitionRegistration(replicas=[0], isr=[0], removingReplicas=[], addingReplicas=[], leader=0, leaderRecoveryState=RECOVERED, leaderEpoch=0, partitionEpoch=0).
2026-06-13T08:06:55.184+04:00  INFO 18180 --- [e-health-insurance-payment] [0-event-handler] o.a.k.c.ReplicationControlManager        : [QuorumController id=0] Replayed PartitionRecord for new partition __consumer_offsets-2 with topic ID h8qf8O98QluZyMa7yBMrjQ and PartitionRegistration(replicas=[0], isr=[0], removingReplicas=[], addingReplicas=[], leader=0, leaderRecoveryState=RECOVERED, leaderEpoch=0, partitionEpoch=0).
2026-06-13T08:06:55.185+04:00  INFO 18180 --- [e-health-insurance-payment] [0-event-handler] o.a.k.c.ReplicationControlManager        : [QuorumController id=0] Replayed PartitionRecord for new partition __consumer_offsets-3 with topic ID h8qf8O98QluZyMa7yBMrjQ and PartitionRegistration(replicas=[0], isr=[0], removingReplicas=[], addingReplicas=[], leader=0, leaderRecoveryState=RECOVERED, leaderEpoch=0, partitionEpoch=0).
2026-06-13T08:06:55.185+04:00  INFO 18180 --- [e-health-insurance-payment] [0-event-handler] o.a.k.c.ReplicationControlManager        : [QuorumController id=0] Replayed PartitionRecord for new partition __consumer_offsets-4 with topic ID h8qf8O98QluZyMa7yBMrjQ and PartitionRegistration(replicas=[0], isr=[0], removingReplicas=[], addingReplicas=[], leader=0, leaderRecoveryState=RECOVERED, leaderEpoch=0, partitionEpoch=0).
2026-06-13T08:06:55.185+04:00  INFO 18180 --- [e-health-insurance-payment] [0-event-handler] o.a.k.c.ReplicationControlManager        : [QuorumController id=0] Replayed PartitionRecord for new partition __consumer_offsets-5 with topic ID h8qf8O98QluZyMa7yBMrjQ and PartitionRegistration(replicas=[0], isr=[0], removingReplicas=[], addingReplicas=[], leader=0, leaderRecoveryState=RECOVERED, leaderEpoch=0, partitionEpoch=0).
2026-06-13T08:06:55.185+04:00  INFO 18180 --- [e-health-insurance-payment] [0-event-handler] o.a.k.c.ReplicationControlManager        : [QuorumController id=0] Replayed PartitionRecord for new partition __consumer_offsets-6 with topic ID h8qf8O98QluZyMa7yBMrjQ and PartitionRegistration(replicas=[0], isr=[0], removingReplicas=[], addingReplicas=[], leader=0, leaderRecoveryState=RECOVERED, leaderEpoch=0, partitionEpoch=0).
2026-06-13T08:06:55.186+04:00  INFO 18180 --- [e-health-insurance-payment] [0-event-handler] o.a.k.c.ReplicationControlManager        : [QuorumController id=0] Replayed PartitionRecord for new partition __consumer_offsets-7 with topic ID h8qf8O98QluZyMa7yBMrjQ and PartitionRegistration(replicas=[0], isr=[0], removingReplicas=[], addingReplicas=[], leader=0, leaderRecoveryState=RECOVERED, leaderEpoch=0, partitionEpoch=0).
2026-06-13T08:06:55.186+04:00  INFO 18180 --- [e-health-insurance-payment] [0-event-handler] o.a.k.c.ReplicationControlManager        : [QuorumController id=0] Replayed PartitionRecord for new partition __consumer_offsets-8 with topic ID h8qf8O98QluZyMa7yBMrjQ and PartitionRegistration(replicas=[0], isr=[0], removingReplicas=[], addingReplicas=[], leader=0, leaderRecoveryState=RECOVERED, leaderEpoch=0, partitionEpoch=0).
2026-06-13T08:06:55.186+04:00  INFO 18180 --- [e-health-insurance-payment] [0-event-handler] o.a.k.c.ReplicationControlManager        : [QuorumController id=0] Replayed PartitionRecord for new partition __consumer_offsets-9 with topic ID h8qf8O98QluZyMa7yBMrjQ and PartitionRegistration(replicas=[0], isr=[0], removingReplicas=[], addingReplicas=[], leader=0, leaderRecoveryState=RECOVERED, leaderEpoch=0, partitionEpoch=0).
2026-06-13T08:06:55.187+04:00  INFO 18180 --- [e-health-insurance-payment] [0-event-handler] o.a.k.c.ReplicationControlManager        : [QuorumController id=0] Replayed PartitionRecord for new partition __consumer_offsets-10 with topic ID h8qf8O98QluZyMa7yBMrjQ and PartitionRegistration(replicas=[0], isr=[0], removingReplicas=[], addingReplicas=[], leader=0, leaderRecoveryState=RECOVERED, leaderEpoch=0, partitionEpoch=0).
2026-06-13T08:06:55.187+04:00  INFO 18180 --- [e-health-insurance-payment] [0-event-handler] o.a.k.c.ReplicationControlManager        : [QuorumController id=0] Replayed PartitionRecord for new partition __consumer_offsets-11 with topic ID h8qf8O98QluZyMa7yBMrjQ and PartitionRegistration(replicas=[0], isr=[0], removingReplicas=[], addingReplicas=[], leader=0, leaderRecoveryState=RECOVERED, leaderEpoch=0, partitionEpoch=0).
2026-06-13T08:06:55.187+04:00  INFO 18180 --- [e-health-insurance-payment] [0-event-handler] o.a.k.c.ReplicationControlManager        : [QuorumController id=0] Replayed PartitionRecord for new partition __consumer_offsets-12 with topic ID h8qf8O98QluZyMa7yBMrjQ and PartitionRegistration(replicas=[0], isr=[0], removingReplicas=[], addingReplicas=[], leader=0, leaderRecoveryState=RECOVERED, leaderEpoch=0, partitionEpoch=0).
2026-06-13T08:06:55.188+04:00  INFO 18180 --- [e-health-insurance-payment] [0-event-handler] o.a.k.c.ReplicationControlManager        : [QuorumController id=0] Replayed PartitionRecord for new partition __consumer_offsets-13 with topic ID h8qf8O98QluZyMa7yBMrjQ and PartitionRegistration(replicas=[0], isr=[0], removingReplicas=[], addingReplicas=[], leader=0, leaderRecoveryState=RECOVERED, leaderEpoch=0, partitionEpoch=0).
2026-06-13T08:06:55.188+04:00  INFO 18180 --- [e-health-insurance-payment] [0-event-handler] o.a.k.c.ReplicationControlManager        : [QuorumController id=0] Replayed PartitionRecord for new partition __consumer_offsets-14 with topic ID h8qf8O98QluZyMa7yBMrjQ and PartitionRegistration(replicas=[0], isr=[0], removingReplicas=[], addingReplicas=[], leader=0, leaderRecoveryState=RECOVERED, leaderEpoch=0, partitionEpoch=0).
2026-06-13T08:06:55.188+04:00  INFO 18180 --- [e-health-insurance-payment] [0-event-handler] o.a.k.c.ReplicationControlManager        : [QuorumController id=0] Replayed PartitionRecord for new partition __consumer_offsets-15 with topic ID h8qf8O98QluZyMa7yBMrjQ and PartitionRegistration(replicas=[0], isr=[0], removingReplicas=[], addingReplicas=[], leader=0, leaderRecoveryState=RECOVERED, leaderEpoch=0, partitionEpoch=0).
2026-06-13T08:06:55.188+04:00  INFO 18180 --- [e-health-insurance-payment] [0-event-handler] o.a.k.c.ReplicationControlManager        : [QuorumController id=0] Replayed PartitionRecord for new partition __consumer_offsets-16 with topic ID h8qf8O98QluZyMa7yBMrjQ and PartitionRegistration(replicas=[0], isr=[0], removingReplicas=[], addingReplicas=[], leader=0, leaderRecoveryState=RECOVERED, leaderEpoch=0, partitionEpoch=0).
2026-06-13T08:06:55.189+04:00  INFO 18180 --- [e-health-insurance-payment] [0-event-handler] o.a.k.c.ReplicationControlManager        : [QuorumController id=0] Replayed PartitionRecord for new partition __consumer_offsets-17 with topic ID h8qf8O98QluZyMa7yBMrjQ and PartitionRegistration(replicas=[0], isr=[0], removingReplicas=[], addingReplicas=[], leader=0, leaderRecoveryState=RECOVERED, leaderEpoch=0, partitionEpoch=0).
2026-06-13T08:06:55.189+04:00  INFO 18180 --- [e-health-insurance-payment] [0-event-handler] o.a.k.c.ReplicationControlManager        : [QuorumController id=0] Replayed PartitionRecord for new partition __consumer_offsets-18 with topic ID h8qf8O98QluZyMa7yBMrjQ and PartitionRegistration(replicas=[0], isr=[0], removingReplicas=[], addingReplicas=[], leader=0, leaderRecoveryState=RECOVERED, leaderEpoch=0, partitionEpoch=0).
2026-06-13T08:06:55.189+04:00  INFO 18180 --- [e-health-insurance-payment] [0-event-handler] o.a.k.c.ReplicationControlManager        : [QuorumController id=0] Replayed PartitionRecord for new partition __consumer_offsets-19 with topic ID h8qf8O98QluZyMa7yBMrjQ and PartitionRegistration(replicas=[0], isr=[0], removingReplicas=[], addingReplicas=[], leader=0, leaderRecoveryState=RECOVERED, leaderEpoch=0, partitionEpoch=0).
2026-06-13T08:06:55.189+04:00  INFO 18180 --- [e-health-insurance-payment] [0-event-handler] o.a.k.c.ReplicationControlManager        : [QuorumController id=0] Replayed PartitionRecord for new partition __consumer_offsets-20 with topic ID h8qf8O98QluZyMa7yBMrjQ and PartitionRegistration(replicas=[0], isr=[0], removingReplicas=[], addingReplicas=[], leader=0, leaderRecoveryState=RECOVERED, leaderEpoch=0, partitionEpoch=0).
2026-06-13T08:06:55.190+04:00  INFO 18180 --- [e-health-insurance-payment] [0-event-handler] o.a.k.c.ReplicationControlManager        : [QuorumController id=0] Replayed PartitionRecord for new partition __consumer_offsets-21 with topic ID h8qf8O98QluZyMa7yBMrjQ and PartitionRegistration(replicas=[0], isr=[0], removingReplicas=[], addingReplicas=[], leader=0, leaderRecoveryState=RECOVERED, leaderEpoch=0, partitionEpoch=0).
2026-06-13T08:06:55.190+04:00  INFO 18180 --- [e-health-insurance-payment] [0-event-handler] o.a.k.c.ReplicationControlManager        : [QuorumController id=0] Replayed PartitionRecord for new partition __consumer_offsets-22 with topic ID h8qf8O98QluZyMa7yBMrjQ and PartitionRegistration(replicas=[0], isr=[0], removingReplicas=[], addingReplicas=[], leader=0, leaderRecoveryState=RECOVERED, leaderEpoch=0, partitionEpoch=0).
2026-06-13T08:06:55.190+04:00  INFO 18180 --- [e-health-insurance-payment] [0-event-handler] o.a.k.c.ReplicationControlManager        : [QuorumController id=0] Replayed PartitionRecord for new partition __consumer_offsets-23 with topic ID h8qf8O98QluZyMa7yBMrjQ and PartitionRegistration(replicas=[0], isr=[0], removingReplicas=[], addingReplicas=[], leader=0, leaderRecoveryState=RECOVERED, leaderEpoch=0, partitionEpoch=0).
2026-06-13T08:06:55.191+04:00  INFO 18180 --- [e-health-insurance-payment] [0-event-handler] o.a.k.c.ReplicationControlManager        : [QuorumController id=0] Replayed PartitionRecord for new partition __consumer_offsets-24 with topic ID h8qf8O98QluZyMa7yBMrjQ and PartitionRegistration(replicas=[0], isr=[0], removingReplicas=[], addingReplicas=[], leader=0, leaderRecoveryState=RECOVERED, leaderEpoch=0, partitionEpoch=0).
[...]
2026-06-13T08:07:03.276+04:00  INFO 18180 --- [e-health-insurance-payment] [         task-2] c.e.p.k.PaymentCompletedEventProducer    : Published PaymentCompletedEvent for paymentId=f4930fa7-bf5d-4379-9a7e-1cd4610d655d, referenceId=11b7e521-4b7d-4a1c-b881-69eaa8e98029
2026-06-13T08:07:03.373+04:00  INFO 18180 --- [e-health-insurance-payment] [    Test worker] o.a.k.c.c.internals.SubscriptionState    : [Consumer clientId=consumer-payment-flow-it-f040c43b-7227-4c2d-bf53-c05685c01d91-4, groupId=payment-flow-it-f040c43b-7227-4c2d-bf53-c05685c01d91] Resetting offset for partition payment.completed-0 to position FetchPosition{offset=0, offsetEpoch=Optional.empty, currentLeader=LeaderAndEpoch{leader=Optional[localhost:61020 (id: 0 rack: null)], epoch=0}}.
2026-06-13T08:07:03.382+04:00  INFO 18180 --- [e-health-insurance-payment] [    Test worker] o.a.k.c.c.internals.ConsumerCoordinator  : [Consumer clientId=consumer-payment-flow-it-f040c43b-7227-4c2d-bf53-c05685c01d91-4, groupId=payment-flow-it-f040c43b-7227-4c2d-bf53-c05685c01d91] Revoke previously assigned partitions payment.completed-0
2026-06-13T08:07:03.382+04:00  INFO 18180 --- [e-health-insurance-payment] [    Test worker] o.a.k.c.c.internals.ConsumerCoordinator  : [Consumer clientId=consumer-payment-flow-it-f040c43b-7227-4c2d-bf53-c05685c01d91-4, groupId=payment-flow-it-f040c43b-7227-4c2d-bf53-c05685c01d91] Member consumer-payment-flow-it-f040c43b-7227-4c2d-bf53-c05685c01d91-4-ad897415-88e9-40af-8fb7-54c84b0ceb99 sending LeaveGroup request to coordinator localhost:61020 (id: 2147483647 rack: null) due to the consumer is being closed
2026-06-13T08:07:03.382+04:00  INFO 18180 --- [e-health-insurance-payment] [    Test worker] o.a.k.c.c.internals.ConsumerCoordinator  : [Consumer clientId=consumer-payment-flow-it-f040c43b-7227-4c2d-bf53-c05685c01d91-4, groupId=payment-flow-it-f040c43b-7227-4c2d-bf53-c05685c01d91] Resetting generation and member id due to: consumer pro-actively leaving the group
2026-06-13T08:07:03.382+04:00  INFO 18180 --- [e-health-insurance-payment] [    Test worker] o.a.k.c.c.internals.ConsumerCoordinator  : [Consumer clientId=consumer-payment-flow-it-f040c43b-7227-4c2d-bf53-c05685c01d91-4, groupId=payment-flow-it-f040c43b-7227-4c2d-bf53-c05685c01d91] Request joining group due to: consumer pro-actively leaving the group
2026-06-13T08:07:03.383+04:00  INFO 18180 --- [e-health-insurance-payment] [quest-handler-5] k.coordinator.group.GroupCoordinator     : [GroupCoordinator 0]: Preparing to rebalance group payment-flow-it-f040c43b-7227-4c2d-bf53-c05685c01d91 in state PreparingRebalance with old generation 1 (__consumer_offsets-6) (reason: Removing member consumer-payment-flow-it-f040c43b-7227-4c2d-bf53-c05685c01d91-4-ad897415-88e9-40af-8fb7-54c84b0ceb99 on LeaveGroup; client reason: the consumer is being closed)
2026-06-13T08:07:03.383+04:00  INFO 18180 --- [e-health-insurance-payment] [quest-handler-5] k.coordinator.group.GroupCoordinator     : [GroupCoordinator 0]: Group payment-flow-it-f040c43b-7227-4c2d-bf53-c05685c01d91 with generation 2 is now empty (__consumer_offsets-6)
2026-06-13T08:07:03.385+04:00  INFO 18180 --- [e-health-insurance-payment] [quest-handler-5] k.coordinator.group.GroupCoordinator     : [GroupCoordinator 0]: Member MemberMetadata(memberId=consumer-payment-flow-it-f040c43b-7227-4c2d-bf53-c05685c01d91-4-ad897415-88e9-40af-8fb7-54c84b0ceb99, groupInstanceId=None, clientId=consumer-payment-flow-it-f040c43b-7227-4c2d-bf53-c05685c01d91-4, clientHost=/127.0.0.1, sessionTimeoutMs=60000, rebalanceTimeoutMs=300000, supportedProtocols=List(range, cooperative-sticky)) has left group payment-flow-it-f040c43b-7227-4c2d-bf53-c05685c01d91 through explicit `LeaveGroup`; client reason: the consumer is being closed
2026-06-13T08:07:03.896+04:00  INFO 18180 --- [e-health-insurance-payment] [    Test worker] o.apache.kafka.common.metrics.Metrics    : Metrics scheduler closed
2026-06-13T08:07:03.896+04:00  INFO 18180 --- [e-health-insurance-payment] [    Test worker] o.apache.kafka.common.metrics.Metrics    : Closing reporter org.apache.kafka.common.metrics.JmxReporter
2026-06-13T08:07:03.896+04:00  INFO 18180 --- [e-health-insurance-payment] [    Test worker] o.apache.kafka.common.metrics.Metrics    : Metrics reporters closed
2026-06-13T08:07:03.901+04:00  INFO 18180 --- [e-health-insurance-payment] [    Test worker] o.a.kafka.common.utils.AppInfoParser     : App info kafka.consumer for consumer-payment-flow-it-f040c43b-7227-4c2d-bf53-c05685c01d91-4 unregistered
2026-06-13T08:07:03.922+04:00  INFO 18180 --- [e-health-insurance-payment] [    Test worker] o.a.k.clients.consumer.ConsumerConfig    : ConsumerConfig values: 
	allow.auto.create.topics = true
	auto.commit.interval.ms = 10
	auto.include.jmx.reporter = true
	auto.offset.reset = earliest
	bootstrap.servers = [localhost:61020]
	check.crcs = true
	client.dns.lookup = use_all_dns_ips
	client.id = consumer-payment-flow-it-abeef0d3-616c-48d0-8089-43b9bd40ecf6-5
	client.rack = 
	connections.max.idle.ms = 540000
	default.api.timeout.ms = 60000
	enable.auto.commit = true
	exclude.internal.topics = true
	fetch.max.bytes = 52428800
	fetch.max.wait.ms = 500
	fetch.min.bytes = 1
	group.id = payment-flow-it-abeef0d3-616c-48d0-8089-43b9bd40ecf6
	group.instance.id = null
	heartbeat.interval.ms = 3000
	interceptor.classes = []
	internal.leave.group.on.close = true
	internal.throw.on.fetch.stable.offset.unsupported = false
	isolation.level = read_uncommitted
	key.deserializer = class org.apache.kafka.common.serialization.StringDeserializer
	max.partition.fetch.bytes = 1048576
	max.poll.interval.ms = 300000
	max.poll.records = 500
	metadata.max.age.ms = 300000
	metric.reporters = []
	metrics.num.samples = 2
	metrics.recording.level = INFO
	metrics.sample.window.ms = 30000
	partition.assignment.strategy = [class org.apache.kafka.clients.consumer.RangeAssignor, class org.apache.kafka.clients.consumer.CooperativeStickyAssignor]
	receive.buffer.bytes = 65536
	reconnect.backoff.max.ms = 1000
	reconnect.backoff.ms = 50
	request.timeout.ms = 30000
	retry.backoff.ms = 100
	sasl.client.callback.handler.class = null
	sasl.jaas.config = null
	sasl.kerberos.kinit.cmd = /usr/bin/kinit
	sasl.kerberos.min.time.before.relogin = 60000
	sasl.kerberos.service.name = null
	sasl.kerberos.ticket.renew.jitter = 0.05
	sasl.kerberos.ticket.renew.window.factor = 0.8
	sasl.login.callback.handler.class = null
	sasl.login.class = null
	sasl.login.connect.timeout.ms = null
	sasl.login.read.timeout.ms = null
	sasl.login.refresh.buffer.seconds = 300
	sasl.login.refresh.min.period.seconds = 60
	sasl.login.refresh.window.factor = 0.8
	sasl.login.refresh.window.jitter = 0.05
	sasl.login.retry.backoff.max.ms = 10000
	sasl.login.retry.backoff.ms = 100
	sasl.mechanism = GSSAPI
	sasl.oauthbearer.clock.skew.seconds = 30
	sasl.oauthbearer.expected.audience = null
	sasl.oauthbearer.expected.issuer = null
	sasl.oauthbearer.jwks.endpoint.refresh.ms = 3600000
	sasl.oauthbearer.jwks.endpoint.retry.backoff.max.ms = 10000
	sasl.oauthbearer.jwks.endpoint.retry.backoff.ms = 100
	sasl.oauthbearer.jwks.endpoint.url = null
	sasl.oauthbearer.scope.claim.name = scope
	sasl.oauthbearer.sub.claim.name = sub
	sasl.oauthbearer.token.endpoint.url = null
	security.protocol = PLAINTEXT
	security.providers = null
	send.buffer.bytes = 131072
	session.timeout.ms = 60000
	socket.connection.setup.timeout.max.ms = 30000
	socket.connection.setup.timeout.ms = 10000
	ssl.cipher.suites = null
	ssl.enabled.protocols = [TLSv1.2, TLSv1.3]
	ssl.endpoint.identification.algorithm = https
	ssl.engine.factory.class = null
	ssl.key.password = null
	ssl.keymanager.algorithm = SunX509
	ssl.keystore.certificate.chain = null
	ssl.keystore.key = null
	ssl.keystore.location = null
	ssl.keystore.password = null
	ssl.keystore.type = JKS
	ssl.protocol = TLSv1.3
	ssl.provider = null
	ssl.secure.random.implementation = null
	ssl.trustmanager.algorithm = PKIX
	ssl.truststore.certificates = null
	ssl.truststore.location = null
	ssl.truststore.password = null
	ssl.truststore.type = JKS
	value.deserializer = class org.springframework.kafka.support.serializer.JsonDeserializer

2026-06-13T08:07:03.929+04:00  INFO 18180 --- [e-health-insurance-payment] [    Test worker] o.a.kafka.common.utils.AppInfoParser     : Kafka version: 3.6.2
2026-06-13T08:07:03.930+04:00  INFO 18180 --- [e-health-insurance-payment] [    Test worker] o.a.kafka.common.utils.AppInfoParser     : Kafka commitId: c4deed513057c94e
2026-06-13T08:07:03.930+04:00  INFO 18180 --- [e-health-insurance-payment] [    Test worker] o.a.kafka.common.utils.AppInfoParser     : Kafka startTimeMs: 1781323623929
2026-06-13T08:07:03.930+04:00  INFO 18180 --- [e-health-insurance-payment] [    Test worker] fkaConsumerFactory$ExtendedKafkaConsumer : [Consumer clientId=consumer-payment-flow-it-abeef0d3-616c-48d0-8089-43b9bd40ecf6-5, groupId=payment-flow-it-abeef0d3-616c-48d0-8089-43b9bd40ecf6] Subscribed to topic(s): payment.completed
2026-06-13T08:07:03.936+04:00  INFO 18180 --- [e-health-insurance-payment] [    Test worker] org.apache.kafka.clients.Metadata        : [Consumer clientId=consumer-payment-flow-it-abeef0d3-616c-48d0-8089-43b9bd40ecf6-5, groupId=payment-flow-it-abeef0d3-616c-48d0-8089-43b9bd40ecf6] Cluster ID: yoYOWnUoTZqahMQWcStvRw
2026-06-13T08:07:03.937+04:00  INFO 18180 --- [e-health-insurance-payment] [    Test worker] o.a.k.c.c.internals.ConsumerCoordinator  : [Consumer clientId=consumer-payment-flow-it-abeef0d3-616c-48d0-8089-43b9bd40ecf6-5, groupId=payment-flow-it-abeef0d3-616c-48d0-8089-43b9bd40ecf6] Discovered group coordinator localhost:61020 (id: 2147483647 rack: null)
2026-06-13T08:07:03.940+04:00  INFO 18180 --- [e-health-insurance-payment] [    Test worker] o.a.k.c.c.internals.ConsumerCoordinator  : [Consumer clientId=consumer-payment-flow-it-abeef0d3-616c-48d0-8089-43b9bd40ecf6-5, groupId=payment-flow-it-abeef0d3-616c-48d0-8089-43b9bd40ecf6] (Re-)joining group
2026-06-13T08:07:03.943+04:00  INFO 18180 --- [e-health-insurance-payment] [quest-handler-5] k.coordinator.group.GroupCoordinator     : [GroupCoordinator 0]: Dynamic member with unknown member id joins group payment-flow-it-abeef0d3-616c-48d0-8089-43b9bd40ecf6 in Empty state. Created a new member id consumer-payment-flow-it-abeef0d3-616c-48d0-8089-43b9bd40ecf6-5-4c5f1cf2-5851-4d14-ba3a-f25ee047130c and request the member to rejoin with this id.
2026-06-13T08:07:03.943+04:00  INFO 18180 --- [e-health-insurance-payment] [    Test worker] o.a.k.c.c.internals.ConsumerCoordinator  : [Consumer clientId=consumer-payment-flow-it-abeef0d3-616c-48d0-8089-43b9bd40ecf6-5, groupId=payment-flow-it-abeef0d3-616c-48d0-8089-43b9bd40ecf6] Request joining group due to: need to re-join with the given member-id: consumer-payment-flow-it-abeef0d3-616c-48d0-8089-43b9bd40ecf6-5-4c5f1cf2-5851-4d14-ba3a-f25ee047130c
2026-06-13T08:07:03.944+04:00  INFO 18180 --- [e-health-insurance-payment] [    Test worker] o.a.k.c.c.internals.ConsumerCoordinator  : [Consumer clientId=consumer-payment-flow-it-abeef0d3-616c-48d0-8089-43b9bd40ecf6-5, groupId=payment-flow-it-abeef0d3-616c-48d0-8089-43b9bd40ecf6] Request joining group due to: rebalance failed due to 'The group member needs to have a valid member id before actually entering a consumer group.' (MemberIdRequiredException)
2026-06-13T08:07:03.944+04:00  INFO 18180 --- [e-health-insurance-payment] [    Test worker] o.a.k.c.c.internals.ConsumerCoordinator  : [Consumer clientId=consumer-payment-flow-it-abeef0d3-616c-48d0-8089-43b9bd40ecf6-5, groupId=payment-flow-it-abeef0d3-616c-48d0-8089-43b9bd40ecf6] (Re-)joining group
2026-06-13T08:07:03.946+04:00  INFO 18180 --- [e-health-insurance-payment] [quest-handler-7] k.coordinator.group.GroupCoordinator     : [GroupCoordinator 0]: Preparing to rebalance group payment-flow-it-abeef0d3-616c-48d0-8089-43b9bd40ecf6 in state PreparingRebalance with old generation 0 (__consumer_offsets-43) (reason: Adding new member consumer-payment-flow-it-abeef0d3-616c-48d0-8089-43b9bd40ecf6-5-4c5f1cf2-5851-4d14-ba3a-f25ee047130c with group instance id None; client reason: rebalance failed due to MemberIdRequiredException)
2026-06-13T08:07:03.946+04:00  INFO 18180 --- [e-health-insurance-payment] [cutor-Rebalance] k.coordinator.group.GroupCoordinator     : [GroupCoordinator 0]: Stabilized group payment-flow-it-abeef0d3-616c-48d0-8089-43b9bd40ecf6 generation 1 (__consumer_offsets-43) with 1 members
2026-06-13T08:07:03.947+04:00  INFO 18180 --- [e-health-insurance-payment] [    Test worker] o.a.k.c.c.internals.ConsumerCoordinator  : [Consumer clientId=consumer-payment-flow-it-abeef0d3-616c-48d0-8089-43b9bd40ecf6-5, groupId=payment-flow-it-abeef0d3-616c-48d0-8089-43b9bd40ecf6] Successfully joined group with generation Generation{generationId=1, memberId='consumer-payment-flow-it-abeef0d3-616c-48d0-8089-43b9bd40ecf6-5-4c5f1cf2-5851-4d14-ba3a-f25ee047130c', protocol='range'}
2026-06-13T08:07:03.948+04:00  INFO 18180 --- [e-health-insurance-payment] [    Test worker] o.a.k.c.c.internals.ConsumerCoordinator  : [Consumer clientId=consumer-payment-flow-it-abeef0d3-616c-48d0-8089-43b9bd40ecf6-5, groupId=payment-flow-it-abeef0d3-616c-48d0-8089-43b9bd40ecf6] Finished assignment for group at generation 1: {consumer-payment-flow-it-abeef0d3-616c-48d0-8089-43b9bd40ecf6-5-4c5f1cf2-5851-4d14-ba3a-f25ee047130c=Assignment(partitions=[payment.completed-0])}
2026-06-13T08:07:03.949+04:00  INFO 18180 --- [e-health-insurance-payment] [quest-handler-1] k.coordinator.group.GroupCoordinator     : [GroupCoordinator 0]: Assignment received from leader consumer-payment-flow-it-abeef0d3-616c-48d0-8089-43b9bd40ecf6-5-4c5f1cf2-5851-4d14-ba3a-f25ee047130c for group payment-flow-it-abeef0d3-616c-48d0-8089-43b9bd40ecf6 for generation 1. The group has 1 members, 0 of which are static.
2026-06-13T08:07:03.952+04:00  INFO 18180 --- [e-health-insurance-payment] [    Test worker] o.a.k.c.c.internals.ConsumerCoordinator  : [Consumer clientId=consumer-payment-flow-it-abeef0d3-616c-48d0-8089-43b9bd40ecf6-5, groupId=payment-flow-it-abeef0d3-616c-48d0-8089-43b9bd40ecf6] Successfully synced group in generation Generation{generationId=1, memberId='consumer-payment-flow-it-abeef0d3-616c-48d0-8089-43b9bd40ecf6-5-4c5f1cf2-5851-4d14-ba3a-f25ee047130c', protocol='range'}
2026-06-13T08:07:03.952+04:00  INFO 18180 --- [e-health-insurance-payment] [    Test worker] o.a.k.c.c.internals.ConsumerCoordinator  : [Consumer clientId=consumer-payment-flow-it-abeef0d3-616c-48d0-8089-43b9bd40ecf6-5, groupId=payment-flow-it-abeef0d3-616c-48d0-8089-43b9bd40ecf6] Notifying assignor about the new Assignment(partitions=[payment.completed-0])
2026-06-13T08:07:03.952+04:00  INFO 18180 --- [e-health-insurance-payment] [    Test worker] o.a.k.c.c.internals.ConsumerCoordinator  : [Consumer clientId=consumer-payment-flow-it-abeef0d3-616c-48d0-8089-43b9bd40ecf6-5, groupId=payment-flow-it-abeef0d3-616c-48d0-8089-43b9bd40ecf6] Adding newly assigned partitions: payment.completed-0
2026-06-13T08:07:03.955+04:00  INFO 18180 --- [e-health-insurance-payment] [    Test worker] o.a.k.c.c.internals.ConsumerCoordinator  : [Consumer clientId=consumer-payment-flow-it-abeef0d3-616c-48d0-8089-43b9bd40ecf6-5, groupId=payment-flow-it-abeef0d3-616c-48d0-8089-43b9bd40ecf6] Found no committed offset for partition payment.completed-0
2026-06-13T08:07:03.961+04:00  INFO 18180 --- [e-health-insurance-payment] [    Test worker] o.a.k.c.c.internals.SubscriptionState    : [Consumer clientId=consumer-payment-flow-it-abeef0d3-616c-48d0-8089-43b9bd40ecf6-5, groupId=payment-flow-it-abeef0d3-616c-48d0-8089-43b9bd40ecf6] Resetting offset for partition payment.completed-0 to position FetchPosition{offset=0, offsetEpoch=Optional.empty, currentLeader=LeaderAndEpoch{leader=Optional[localhost:61020 (id: 0 rack: null)], epoch=0}}.
2026-06-13T08:07:03.971+04:00  INFO 18180 --- [e-health-insurance-payment] [    Test worker] o.a.k.c.c.internals.SubscriptionState    : [Consumer clientId=consumer-payment-flow-it-abeef0d3-616c-48d0-8089-43b9bd40ecf6-5, groupId=payment-flow-it-abeef0d3-616c-48d0-8089-43b9bd40ecf6] Seeking to earliest offset of partition payment.completed-0
2026-06-13T08:07:05.997+04:00  INFO 18180 --- [e-health-insurance-payment] [    Test worker] o.a.k.c.c.internals.ConsumerCoordinator  : [Consumer clientId=consumer-payment-flow-it-abeef0d3-616c-48d0-8089-43b9bd40ecf6-5, groupId=payment-flow-it-abeef0d3-616c-48d0-8089-43b9bd40ecf6] Revoke previously assigned partitions payment.completed-0
2026-06-13T08:07:05.998+04:00  INFO 18180 --- [e-health-insurance-payment] [    Test worker] o.a.k.c.c.internals.ConsumerCoordinator  : [Consumer clientId=consumer-payment-flow-it-abeef0d3-616c-48d0-8089-43b9bd40ecf6-5, groupId=payment-flow-it-abeef0d3-616c-48d0-8089-43b9bd40ecf6] Member consumer-payment-flow-it-abeef0d3-616c-48d0-8089-43b9bd40ecf6-5-4c5f1cf2-5851-4d14-ba3a-f25ee047130c sending LeaveGroup request to coordinator localhost:61020 (id: 2147483647 rack: null) due to the consumer is being closed
2026-06-13T08:07:05.998+04:00  INFO 18180 --- [e-health-insurance-payment] [    Test worker] o.a.k.c.c.internals.ConsumerCoordinator  : [Consumer clientId=consumer-payment-flow-it-abeef0d3-616c-48d0-8089-43b9bd40ecf6-5, groupId=payment-flow-it-abeef0d3-616c-48d0-8089-43b9bd40ecf6] Resetting generation and member id due to: consumer pro-actively leaving the group
2026-06-13T08:07:05.998+04:00  INFO 18180 --- [e-health-insurance-payment] [    Test worker] o.a.k.c.c.internals.ConsumerCoordinator  : [Consumer clientId=consumer-payment-flow-it-abeef0d3-616c-48d0-8089-43b9bd40ecf6-5, groupId=payment-flow-it-abeef0d3-616c-48d0-8089-43b9bd40ecf6] Request joining group due to: consumer pro-actively leaving the group
2026-06-13T08:07:06.000+04:00  INFO 18180 --- [e-health-insurance-payment] [quest-handler-4] k.coordinator.group.GroupCoordinator     : [GroupCoordinator 0]: Preparing to rebalance group payment-flow-it-abeef0d3-616c-48d0-8089-43b9bd40ecf6 in state PreparingRebalance with old generation 1 (__consumer_offsets-43) (reason: Removing member consumer-payment-flow-it-abeef0d3-616c-48d0-8089-43b9bd40ecf6-5-4c5f1cf2-5851-4d14-ba3a-f25ee047130c on LeaveGroup; client reason: the consumer is being closed)
2026-06-13T08:07:06.000+04:00  INFO 18180 --- [e-health-insurance-payment] [quest-handler-4] k.coordinator.group.GroupCoordinator     : [GroupCoordinator 0]: Group payment-flow-it-abeef0d3-616c-48d0-8089-43b9bd40ecf6 with generation 2 is now empty (__consumer_offsets-43)
2026-06-13T08:07:06.002+04:00  INFO 18180 --- [e-health-insurance-payment] [quest-handler-4] k.coordinator.group.GroupCoordinator     : [GroupCoordinator 0]: Member MemberMetadata(memberId=consumer-payment-flow-it-abeef0d3-616c-48d0-8089-43b9bd40ecf6-5-4c5f1cf2-5851-4d14-ba3a-f25ee047130c, groupInstanceId=None, clientId=consumer-payment-flow-it-abeef0d3-616c-48d0-8089-43b9bd40ecf6-5, clientHost=/127.0.0.1, sessionTimeoutMs=60000, rebalanceTimeoutMs=300000, supportedProtocols=List(range, cooperative-sticky)) has left group payment-flow-it-abeef0d3-616c-48d0-8089-43b9bd40ecf6 through explicit `LeaveGroup`; client reason: the consumer is being closed
2026-06-13T08:07:06.006+04:00  INFO 18180 --- [e-health-insurance-payment] [    Test worker] o.apache.kafka.common.metrics.Metrics    : Metrics scheduler closed
2026-06-13T08:07:06.006+04:00  INFO 18180 --- [e-health-insurance-payment] [    Test worker] o.apache.kafka.common.metrics.Metrics    : Closing reporter org.apache.kafka.common.metrics.JmxReporter
2026-06-13T08:07:06.006+04:00  INFO 18180 --- [e-health-insurance-payment] [    Test worker] o.apache.kafka.common.metrics.Metrics    : Metrics reporters closed
2026-06-13T08:07:06.010+04:00  INFO 18180 --- [e-health-insurance-payment] [    Test worker] o.a.kafka.common.utils.AppInfoParser     : App info kafka.consumer for consumer-payment-flow-it-abeef0d3-616c-48d0-8089-43b9bd40ecf6-5 unregistered
]]></system-out>
  <system-err><![CDATA[]]></system-err>
</testsuite>
