<?xml version="1.0" encoding="UTF-8"?>
<testsuite name="com.ehi.payment.service.impl.PaymentServiceImplTest" tests="9" skipped="0" failures="0" errors="0" timestamp="2026-06-12T16:45:01" hostname="Nijats-MacBook-Pro.local" time="0.087">
  <properties/>
  <testcase name="getPaymentById_throwsNotFound_whenMissing()" classname="com.ehi.payment.service.impl.PaymentServiceImplTest" time="0.074"/>
  <testcase name="processPayment_idempotent_returnsExistingPayment_whenNonFailedPaymentExists()" classname="com.ehi.payment.service.impl.PaymentServiceImplTest" time="0.001"/>
  <testcase name="processPayment_savesFailed_andPublishesEvent_forZeroAmount()" classname="com.ehi.payment.service.impl.PaymentServiceImplTest" time="0.001"/>
  <testcase name="processPayment_savesFailed_andPublishesEvent_forNegativeAmount()" classname="com.ehi.payment.service.impl.PaymentServiceImplTest" time="0.001"/>
  <testcase name="getAllPayments_returnsPagedResponse()" classname="com.ehi.payment.service.impl.PaymentServiceImplTest" time="0.005"/>
  <testcase name="processPayment_savesPending_andHandsOffToProcessor_forPositiveAmount()" classname="com.ehi.payment.service.impl.PaymentServiceImplTest" time="0.001"/>
  <testcase name="getPaymentById_throwsNotFound_whenNonOwnerNonPrivileged()" classname="com.ehi.payment.service.impl.PaymentServiceImplTest" time="0.001"/>
  <testcase name="processPayment_createsNew_whenExistingPaymentForReferenceIsFailed()" classname="com.ehi.payment.service.impl.PaymentServiceImplTest" time="0.001"/>
  <testcase name="getPaymentById_allowsPrivilegedRequester_regardlessOfOwner()" classname="com.ehi.payment.service.impl.PaymentServiceImplTest" time="0.001"/>
  <system-out><![CDATA[]]></system-out>
  <system-err><![CDATA[]]></system-err>
</testsuite>
