<?xml version="1.0" encoding="UTF-8"?>
<testsuite name="com.ehi.ai.controller.ChatbotControllerTest" tests="5" skipped="0" failures="0" errors="0" timestamp="2026-06-13T20:21:14" hostname="Mac" time="0.087">
  <properties/>
  <testcase name="sendMessage_forbiddenForAgent()" classname="com.ehi.ai.controller.ChatbotControllerTest" time="0.063"/>
  <testcase name="getHistory_forbiddenForAgent()" classname="com.ehi.ai.controller.ChatbotControllerTest" time="0.003"/>
  <testcase name="sendMessage_allowedForCustomer()" classname="com.ehi.ai.controller.ChatbotControllerTest" time="0.011"/>
  <testcase name="sendMessage_blocked_whenUnauthenticated()" classname="com.ehi.ai.controller.ChatbotControllerTest" time="0.003"/>
  <testcase name="getHistory_allowedForCustomer()" classname="com.ehi.ai.controller.ChatbotControllerTest" time="0.004"/>
  <system-out><![CDATA[2026-06-14T00:21:13.745+04:00  INFO 78880 --- [e-health-insurance-ai] [    Test worker] .b.t.c.SpringBootTestContextBootstrapper : Found @SpringBootConfiguration com.ehi.ai.AiApplication for test class com.ehi.ai.controller.ChatbotControllerTest

  .   ____          _            __ _ _
 /\\ / ___'_ __ _ _(_)_ __  __ _ \ \ \ \
( ( )\___ | '_ | '_| | '_ \/ _` | \ \ \ \
 \\/  ___)| |_)| | | | | || (_| |  ) ) ) )
  '  |____| .__|_| |_|_| |_\__, | / / / /
 =========|_|==============|___/=/_/_/_/

 :: Spring Boot ::                (v3.3.5)

2026-06-14T00:21:13.764+04:00  INFO 78880 --- [e-health-insurance-ai] [    Test worker] c.e.ai.controller.ChatbotControllerTest  : Starting ChatbotControllerTest using Java 21.0.11 with PID 78880 (started by nijatnasirli in /Users/nijatnasirli/Desktop/EH-V2/e-health-insurance-ai)
2026-06-14T00:21:13.764+04:00  INFO 78880 --- [e-health-insurance-ai] [    Test worker] c.e.ai.controller.ChatbotControllerTest  : No active profile set, falling back to 1 default profile: "default"
2026-06-14T00:21:14.007+04:00  WARN 78880 --- [e-health-insurance-ai] [    Test worker] .s.s.UserDetailsServiceAutoConfiguration : 

Using generated security password: ad21d585-2cd2-490a-90db-48950a5358f6

This generated password is for development use only. Your security configuration must be updated before running your application in production.

2026-06-14T00:21:14.008+04:00  INFO 78880 --- [e-health-insurance-ai] [    Test worker] r$InitializeUserDetailsManagerConfigurer : Global AuthenticationManager configured with UserDetailsService bean with name inMemoryUserDetailsManager
2026-06-14T00:21:14.270+04:00  INFO 78880 --- [e-health-insurance-ai] [    Test worker] o.s.b.t.m.w.SpringBootMockServletContext : Initializing Spring TestDispatcherServlet ''
2026-06-14T00:21:14.271+04:00  INFO 78880 --- [e-health-insurance-ai] [    Test worker] o.s.t.web.servlet.TestDispatcherServlet  : Initializing Servlet ''
2026-06-14T00:21:14.271+04:00  INFO 78880 --- [e-health-insurance-ai] [    Test worker] o.s.t.web.servlet.TestDispatcherServlet  : Completed initialization in 0 ms
2026-06-14T00:21:14.287+04:00  INFO 78880 --- [e-health-insurance-ai] [    Test worker] c.e.ai.controller.ChatbotControllerTest  : Started ChatbotControllerTest in 0.536 seconds (process running for 5.309)
]]></system-out>
  <system-err><![CDATA[]]></system-err>
</testsuite>
