<?xml version="1.0" encoding="UTF-8"?>
<testsuite name="com.ehi.ai.controller.RiskProfileControllerTest" tests="4" skipped="0" failures="0" errors="0" timestamp="2026-06-13T20:21:14" hostname="Mac" time="0.013">
  <properties/>
  <testcase name="getRiskProfile_forbiddenForCustomer()" classname="com.ehi.ai.controller.RiskProfileControllerTest" time="0.005"/>
  <testcase name="getRiskProfile_allowedForAdmin()" classname="com.ehi.ai.controller.RiskProfileControllerTest" time="0.004"/>
  <testcase name="getRiskProfile_allowedForAgent()" classname="com.ehi.ai.controller.RiskProfileControllerTest" time="0.002"/>
  <testcase name="getRiskProfile_blocked_whenUnauthenticated()" classname="com.ehi.ai.controller.RiskProfileControllerTest" time="0.002"/>
  <system-out><![CDATA[2026-06-14T00:21:14.692+04:00  INFO 78880 --- [e-health-insurance-ai] [    Test worker] .b.t.c.SpringBootTestContextBootstrapper : Found @SpringBootConfiguration com.ehi.ai.AiApplication for test class com.ehi.ai.controller.RiskProfileControllerTest

  .   ____          _            __ _ _
 /\\ / ___'_ __ _ _(_)_ __  __ _ \ \ \ \
( ( )\___ | '_ | '_| | '_ \/ _` | \ \ \ \
 \\/  ___)| |_)| | | | | || (_| |  ) ) ) )
  '  |____| .__|_| |_|_| |_\__, | / / / /
 =========|_|==============|___/=/_/_/_/

 :: Spring Boot ::                (v3.3.5)

2026-06-14T00:21:14.704+04:00  INFO 78880 --- [e-health-insurance-ai] [    Test worker] c.e.a.c.RiskProfileControllerTest        : Starting RiskProfileControllerTest using Java 21.0.11 with PID 78880 (started by nijatnasirli in /Users/nijatnasirli/Desktop/EH-V2/e-health-insurance-ai)
2026-06-14T00:21:14.704+04:00  INFO 78880 --- [e-health-insurance-ai] [    Test worker] c.e.a.c.RiskProfileControllerTest        : No active profile set, falling back to 1 default profile: "default"
2026-06-14T00:21:14.805+04:00  WARN 78880 --- [e-health-insurance-ai] [    Test worker] .s.s.UserDetailsServiceAutoConfiguration : 

Using generated security password: af77006a-93a5-40d8-a0c5-537d46f12ec8

This generated password is for development use only. Your security configuration must be updated before running your application in production.

2026-06-14T00:21:14.808+04:00  INFO 78880 --- [e-health-insurance-ai] [    Test worker] r$InitializeUserDetailsManagerConfigurer : Global AuthenticationManager configured with UserDetailsService bean with name inMemoryUserDetailsManager
2026-06-14T00:21:14.912+04:00  INFO 78880 --- [e-health-insurance-ai] [    Test worker] o.s.b.t.m.w.SpringBootMockServletContext : Initializing Spring TestDispatcherServlet ''
2026-06-14T00:21:14.912+04:00  INFO 78880 --- [e-health-insurance-ai] [    Test worker] o.s.t.web.servlet.TestDispatcherServlet  : Initializing Servlet ''
2026-06-14T00:21:14.912+04:00  INFO 78880 --- [e-health-insurance-ai] [    Test worker] o.s.t.web.servlet.TestDispatcherServlet  : Completed initialization in 0 ms
2026-06-14T00:21:14.917+04:00  INFO 78880 --- [e-health-insurance-ai] [    Test worker] c.e.a.c.RiskProfileControllerTest        : Started RiskProfileControllerTest in 0.224 seconds (process running for 5.939)
]]></system-out>
  <system-err><![CDATA[]]></system-err>
</testsuite>
