<?xml version="1.0" encoding="UTF-8"?>
<testsuite name="com.ehi.ai.service.impl.AiClientServiceImplTest" tests="3" skipped="0" failures="0" errors="0" timestamp="2026-06-12T17:04:09" hostname="Nijats-MacBook-Pro.local" time="3.104">
  <properties/>
  <testcase name="chatCompletion_returnsContentFromFirstChoice()" classname="com.ehi.ai.service.impl.AiClientServiceImplTest" time="0.085"/>
  <testcase name="chatCompletion_slowResponse_timesOut()" classname="com.ehi.ai.service.impl.AiClientServiceImplTest" time="3.009"/>
  <testcase name="chatCompletion_emptyChoices_throwsIllegalStateException()" classname="com.ehi.ai.service.impl.AiClientServiceImplTest" time="0.008"/>
  <system-out><![CDATA[]]></system-out>
  <system-err><![CDATA[]]></system-err>
</testsuite>
