<?xml version="1.0" encoding="UTF-8"?>
<testsuite name="com.ehi.ai.controller.RiskProfileControllerTest" tests="4" skipped="0" failures="0" errors="0" timestamp="2026-06-12T17:04:09" hostname="Nijats-MacBook-Pro.local" time="0.017">
  <properties/>
  <testcase name="getRiskProfile_forbiddenForCustomer()" classname="com.ehi.ai.controller.RiskProfileControllerTest" time="0.007"/>
  <testcase name="getRiskProfile_allowedForAdmin()" classname="com.ehi.ai.controller.RiskProfileControllerTest" time="0.004"/>
  <testcase name="getRiskProfile_allowedForAgent()" classname="com.ehi.ai.controller.RiskProfileControllerTest" time="0.002"/>
  <testcase name="getRiskProfile_blocked_whenUnauthenticated()" classname="com.ehi.ai.controller.RiskProfileControllerTest" time="0.002"/>
  <system-out><![CDATA[2026-06-12T21:04:09.263+04:00  INFO 6510 --- [e-health-insurance-ai] [    Test worker] .b.t.c.SpringBootTestContextBootstrapper : Found @SpringBootConfiguration com.ehi.ai.AiApplication for test class com.ehi.ai.controller.RiskProfileControllerTest

  .   ____          _            __ _ _
 /\\ / ___'_ __ _ _(_)_ __  __ _ \ \ \ \
( ( )\___ | '_ | '_| | '_ \/ _` | \ \ \ \
 \\/  ___)| |_)| | | | | || (_| |  ) ) ) )
  '  |____| .__|_| |_|_| |_\__, | / / / /
 =========|_|==============|___/=/_/_/_/
 :: Spring Boot ::                (v3.2.5)

2026-06-12T21:04:09.278+04:00  INFO 6510 --- [e-health-insurance-ai] [    Test worker] c.e.a.c.RiskProfileControllerTest        : Starting RiskProfileControllerTest using Java 17.0.19 with PID 6510 (started by nijatnasirli in /Users/nijatnasirli/Desktop/EH-V3/e-health-insurance-ai)
2026-06-12T21:04:09.278+04:00  INFO 6510 --- [e-health-insurance-ai] [    Test worker] c.e.a.c.RiskProfileControllerTest        : No active profile set, falling back to 1 default profile: "default"
2026-06-12T21:04:09.407+04:00  WARN 6510 --- [e-health-insurance-ai] [    Test worker] .s.s.UserDetailsServiceAutoConfiguration : 

Using generated security password: c0aeeea3-768d-41ae-841d-84490131bb3a

This generated password is for development use only. Your security configuration must be updated before running your application in production.

2026-06-12T21:04:09.466+04:00  INFO 6510 --- [e-health-insurance-ai] [    Test worker] o.s.s.web.DefaultSecurityFilterChain     : Will secure any request with [org.springframework.security.web.session.DisableEncodeUrlFilter@72dc7b05, org.springframework.security.web.context.request.async.WebAsyncManagerIntegrationFilter@73e45afe, org.springframework.security.web.context.SecurityContextHolderFilter@11d823a4, org.springframework.security.web.header.HeaderWriterFilter@6ec73d87, org.springframework.web.filter.CorsFilter@1f406a62, org.springframework.security.web.authentication.logout.LogoutFilter@24c28909, org.springframework.security.web.savedrequest.RequestCacheAwareFilter@1b4abc8e, org.springframework.security.web.servletapi.SecurityContextHolderAwareRequestFilter@4c368165, org.springframework.security.web.authentication.AnonymousAuthenticationFilter@6b89cbc0, org.springframework.security.web.session.SessionManagementFilter@611b2857, org.springframework.security.web.access.ExceptionTranslationFilter@b303504, org.springframework.security.web.access.intercept.AuthorizationFilter@4907b755]
2026-06-12T21:04:09.513+04:00  INFO 6510 --- [e-health-insurance-ai] [    Test worker] o.s.b.t.m.w.SpringBootMockServletContext : Initializing Spring TestDispatcherServlet ''
2026-06-12T21:04:09.513+04:00  INFO 6510 --- [e-health-insurance-ai] [    Test worker] o.s.t.web.servlet.TestDispatcherServlet  : Initializing Servlet ''
2026-06-12T21:04:09.514+04:00  INFO 6510 --- [e-health-insurance-ai] [    Test worker] o.s.t.web.servlet.TestDispatcherServlet  : Completed initialization in 1 ms
2026-06-12T21:04:09.521+04:00  INFO 6510 --- [e-health-insurance-ai] [    Test worker] c.e.a.c.RiskProfileControllerTest        : Started RiskProfileControllerTest in 0.257 seconds (process running for 5.696)
]]></system-out>
  <system-err><![CDATA[]]></system-err>
</testsuite>
