<?xml version="1.0" encoding="UTF-8"?>
<testsuite name="com.ehi.ai.controller.ChatbotControllerTest" tests="5" skipped="0" failures="0" errors="0" timestamp="2026-06-13T07:19:03" hostname="Nijats-MacBook-Pro.local" time="0.097">
  <properties/>
  <testcase name="sendMessage_forbiddenForAgent()" classname="com.ehi.ai.controller.ChatbotControllerTest" time="0.073"/>
  <testcase name="getHistory_forbiddenForAgent()" classname="com.ehi.ai.controller.ChatbotControllerTest" time="0.003"/>
  <testcase name="sendMessage_allowedForCustomer()" classname="com.ehi.ai.controller.ChatbotControllerTest" time="0.012"/>
  <testcase name="sendMessage_blocked_whenUnauthenticated()" classname="com.ehi.ai.controller.ChatbotControllerTest" time="0.002"/>
  <testcase name="getHistory_allowedForCustomer()" classname="com.ehi.ai.controller.ChatbotControllerTest" time="0.003"/>
  <system-out><![CDATA[2026-06-13T11:19:02.847+04:00  INFO 92445 --- [e-health-insurance-ai] [    Test worker] .b.t.c.SpringBootTestContextBootstrapper : Found @SpringBootConfiguration com.ehi.ai.AiApplication for test class com.ehi.ai.controller.ChatbotControllerTest

  .   ____          _            __ _ _
 /\\ / ___'_ __ _ _(_)_ __  __ _ \ \ \ \
( ( )\___ | '_ | '_| | '_ \/ _` | \ \ \ \
 \\/  ___)| |_)| | | | | || (_| |  ) ) ) )
  '  |____| .__|_| |_|_| |_\__, | / / / /
 =========|_|==============|___/=/_/_/_/

 :: Spring Boot ::                (v3.3.5)

2026-06-13T11:19:02.864+04:00  INFO 92445 --- [e-health-insurance-ai] [    Test worker] c.e.ai.controller.ChatbotControllerTest  : Starting ChatbotControllerTest using Java 21.0.11 with PID 92445 (started by nijatnasirli in /Users/nijatnasirli/Desktop/EH-V2/e-health-insurance-ai)
2026-06-13T11:19:02.864+04:00  INFO 92445 --- [e-health-insurance-ai] [    Test worker] c.e.ai.controller.ChatbotControllerTest  : No active profile set, falling back to 1 default profile: "default"
2026-06-13T11:19:03.101+04:00  WARN 92445 --- [e-health-insurance-ai] [    Test worker] .s.s.UserDetailsServiceAutoConfiguration : 

Using generated security password: f6c657b0-73fe-4eb4-9e49-0e762c73f50d

This generated password is for development use only. Your security configuration must be updated before running your application in production.

2026-06-13T11:19:03.103+04:00  INFO 92445 --- [e-health-insurance-ai] [    Test worker] r$InitializeUserDetailsManagerConfigurer : Global AuthenticationManager configured with UserDetailsService bean with name inMemoryUserDetailsManager
2026-06-13T11:19:03.321+04:00  INFO 92445 --- [e-health-insurance-ai] [    Test worker] o.s.b.t.m.w.SpringBootMockServletContext : Initializing Spring TestDispatcherServlet ''
2026-06-13T11:19:03.321+04:00  INFO 92445 --- [e-health-insurance-ai] [    Test worker] o.s.t.web.servlet.TestDispatcherServlet  : Initializing Servlet ''
2026-06-13T11:19:03.322+04:00  INFO 92445 --- [e-health-insurance-ai] [    Test worker] o.s.t.web.servlet.TestDispatcherServlet  : Completed initialization in 1 ms
2026-06-13T11:19:03.337+04:00  INFO 92445 --- [e-health-insurance-ai] [    Test worker] c.e.ai.controller.ChatbotControllerTest  : Started ChatbotControllerTest in 0.485 seconds (process running for 5.641)
]]></system-out>
  <system-err><![CDATA[]]></system-err>
</testsuite>
