<?xml version="1.0" encoding="UTF-8"?>
<testsuite name="com.ehi.ai.service.impl.ChatbotServiceImplTest" tests="5" skipped="0" failures="0" errors="0" timestamp="2026-06-13T15:03:50" hostname="Mac" time="0.103">
  <properties/>
  <testcase name="sendMessage_generatesNewSessionId_whenNoneProvided()" classname="com.ehi.ai.service.impl.ChatbotServiceImplTest" time="0.093"/>
  <testcase name="sendMessage_savesBothUserAndAssistantMessages()" classname="com.ehi.ai.service.impl.ChatbotServiceImplTest" time="0.003"/>
  <testcase name="sendMessage_includesSessionHistory_andNewMessage_inAiPrompt()" classname="com.ehi.ai.service.impl.ChatbotServiceImplTest" time="0.004"/>
  <testcase name="sendMessage_reusesProvidedSessionId()" classname="com.ehi.ai.service.impl.ChatbotServiceImplTest" time="0.0"/>
  <testcase name="getHistory_returnsMappedDtos_scopedBySessionAndUser()" classname="com.ehi.ai.service.impl.ChatbotServiceImplTest" time="0.002"/>
  <system-out><![CDATA[]]></system-out>
  <system-err><![CDATA[]]></system-err>
</testsuite>
